{"/home/travis/build/npmtest/node-npmtest-adm-zip/test.js":{"path":"/home/travis/build/npmtest/node-npmtest-adm-zip/test.js","s":{"1":2,"2":2,"3":2,"4":2,"5":2,"6":2,"7":2,"8":1,"9":2,"10":2,"11":1,"12":1,"13":1,"14":1,"15":2,"16":2,"17":2,"18":2,"19":1,"20":1,"21":2,"22":2,"23":2,"24":1,"25":1,"26":1,"27":1,"28":1,"29":1,"30":1,"31":1,"32":1,"33":1,"34":1,"35":1,"36":1,"37":2,"38":2,"39":1,"40":2,"41":2,"42":1,"43":2,"44":2,"45":1,"46":2,"47":2,"48":1,"49":1,"50":1,"51":1,"52":1},"b":{"1":[2,1,1,1],"2":[1,1,1,1],"3":[1,1],"4":[1,1],"5":[1,1],"6":[1,1],"7":[1,1],"8":[1,1],"9":[1,1,1],"10":[1,1],"11":[1,1],"12":[1,1],"13":[1,1],"14":[1,1],"15":[1,1],"16":[1,1]},"f":{"1":2,"2":2,"3":2,"4":2,"5":2,"6":1,"7":1,"8":2,"9":2,"10":2,"11":2,"12":1},"fnMap":{"1":{"name":"(anonymous_1)","line":12,"loc":{"start":{"line":12,"column":1},"end":{"line":12,"column":13}}},"2":{"name":"(anonymous_2)","line":19,"loc":{"start":{"line":19,"column":5},"end":{"line":19,"column":17}}},"3":{"name":"(anonymous_3)","line":23,"loc":{"start":{"line":23,"column":24},"end":{"line":23,"column":36}}},"4":{"name":"(anonymous_4)","line":61,"loc":{"start":{"line":61,"column":5},"end":{"line":61,"column":17}}},"5":{"name":"(anonymous_5)","line":82,"loc":{"start":{"line":82,"column":5},"end":{"line":82,"column":17}}},"6":{"name":"(anonymous_6)","line":102,"loc":{"start":{"line":102,"column":83},"end":{"line":105,"column":10}},"skip":true},"7":{"name":"(anonymous_7)","line":113,"loc":{"start":{"line":113,"column":77},"end":{"line":116,"column":10}},"skip":true},"8":{"name":"(anonymous_8)","line":129,"loc":{"start":{"line":129,"column":12},"end":{"line":129,"column":40}},"skip":true},"9":{"name":"(anonymous_9)","line":137,"loc":{"start":{"line":137,"column":77},"end":{"line":140,"column":10}},"skip":true},"10":{"name":"(anonymous_10)","line":148,"loc":{"start":{"line":148,"column":83},"end":{"line":151,"column":10}},"skip":true},"11":{"name":"(anonymous_11)","line":159,"loc":{"start":{"line":159,"column":79},"end":{"line":162,"column":10}},"skip":true},"12":{"name":"(anonymous_12)","line":170,"loc":{"start":{"line":170,"column":75},"end":{"line":173,"column":10}},"skip":true}},"statementMap":{"1":{"start":{"line":12,"column":0},"end":{"line":185,"column":5}},"2":{"start":{"line":14,"column":4},"end":{"line":14,"column":14}},"3":{"start":{"line":19,"column":4},"end":{"line":56,"column":9}},"4":{"start":{"line":21,"column":8},"end":{"line":21,"column":19}},"5":{"start":{"line":23,"column":8},"end":{"line":35,"column":13}},"6":{"start":{"line":24,"column":12},"end":{"line":34,"column":13}},"7":{"start":{"line":25,"column":16},"end":{"line":28,"column":30}},"8":{"start":{"line":30,"column":16},"end":{"line":33,"column":27}},"9":{"start":{"line":37,"column":8},"end":{"line":39,"column":21}},"10":{"start":{"line":40,"column":8},"end":{"line":53,"column":9}},"11":{"start":{"line":43,"column":12},"end":{"line":46,"column":14}},"12":{"start":{"line":47,"column":12},"end":{"line":47,"column":18}},"13":{"start":{"line":50,"column":12},"end":{"line":51,"column":46}},"14":{"start":{"line":52,"column":12},"end":{"line":52,"column":18}},"15":{"start":{"line":55,"column":8},"end":{"line":55,"column":35}},"16":{"start":{"line":61,"column":4},"end":{"line":63,"column":9}},"17":{"start":{"line":62,"column":8},"end":{"line":62,"column":15}},"18":{"start":{"line":64,"column":4},"end":{"line":77,"column":5}},"19":{"start":{"line":70,"column":8},"end":{"line":70,"column":14}},"20":{"start":{"line":76,"column":8},"end":{"line":76,"column":14}},"21":{"start":{"line":82,"column":4},"end":{"line":84,"column":9}},"22":{"start":{"line":83,"column":8},"end":{"line":83,"column":15}},"23":{"start":{"line":85,"column":4},"end":{"line":184,"column":5}},"24":{"start":{"line":92,"column":8},"end":{"line":94,"column":63}},"25":{"start":{"line":95,"column":8},"end":{"line":95,"column":14}},"26":{"start":{"line":102,"column":8},"end":{"line":111,"column":10},"skip":true},"27":{"start":{"line":109,"column":12},"end":{"line":109,"column":55},"skip":true},"28":{"start":{"line":110,"column":12},"end":{"line":110,"column":48},"skip":true},"29":{"start":{"line":113,"column":8},"end":{"line":126,"column":10},"skip":true},"30":{"start":{"line":120,"column":12},"end":{"line":120,"column":76},"skip":true},"31":{"start":{"line":121,"column":12},"end":{"line":121,"column":73},"skip":true},"32":{"start":{"line":122,"column":12},"end":{"line":122,"column":74},"skip":true},"33":{"start":{"line":123,"column":12},"end":{"line":123,"column":79},"skip":true},"34":{"start":{"line":124,"column":12},"end":{"line":124,"column":25},"skip":true},"35":{"start":{"line":125,"column":12},"end":{"line":125,"column":45},"skip":true},"36":{"start":{"line":128,"column":8},"end":{"line":135,"column":14},"skip":true},"37":{"start":{"line":133,"column":16},"end":{"line":133,"column":29},"skip":true},"38":{"start":{"line":134,"column":16},"end":{"line":134,"column":55},"skip":true},"39":{"start":{"line":137,"column":8},"end":{"line":146,"column":10},"skip":true},"40":{"start":{"line":144,"column":12},"end":{"line":144,"column":25},"skip":true},"41":{"start":{"line":145,"column":12},"end":{"line":145,"column":45},"skip":true},"42":{"start":{"line":148,"column":8},"end":{"line":157,"column":10},"skip":true},"43":{"start":{"line":155,"column":12},"end":{"line":155,"column":25},"skip":true},"44":{"start":{"line":156,"column":12},"end":{"line":156,"column":48},"skip":true},"45":{"start":{"line":159,"column":8},"end":{"line":168,"column":10},"skip":true},"46":{"start":{"line":166,"column":12},"end":{"line":166,"column":25},"skip":true},"47":{"start":{"line":167,"column":12},"end":{"line":167,"column":46},"skip":true},"48":{"start":{"line":170,"column":8},"end":{"line":179,"column":10},"skip":true},"49":{"start":{"line":177,"column":12},"end":{"line":177,"column":94},"skip":true},"50":{"start":{"line":178,"column":12},"end":{"line":178,"column":48},"skip":true},"51":{"start":{"line":182,"column":8},"end":{"line":182,"column":35},"skip":true},"52":{"start":{"line":183,"column":8},"end":{"line":183,"column":14},"skip":true}},"branchMap":{"1":{"line":25,"type":"binary-expr","locations":[{"start":{"line":25,"column":23},"end":{"line":25,"column":62}},{"start":{"line":26,"column":20},"end":{"line":26,"column":70}},{"start":{"line":27,"column":20},"end":{"line":27,"column":71}},{"start":{"line":28,"column":20},"end":{"line":28,"column":29}}]},"2":{"line":30,"type":"binary-expr","locations":[{"start":{"line":30,"column":23},"end":{"line":30,"column":37}},{"start":{"line":31,"column":20},"end":{"line":31,"column":61}},{"start":{"line":32,"column":20},"end":{"line":32,"column":70}},{"start":{"line":33,"column":20},"end":{"line":33,"column":26}}]},"3":{"line":37,"type":"cond-expr","locations":[{"start":{"line":38,"column":14},"end":{"line":38,"column":20}},{"start":{"line":39,"column":14},"end":{"line":39,"column":20}}]},"4":{"line":40,"type":"switch","locations":[{"start":{"line":42,"column":8},"end":{"line":47,"column":18}},{"start":{"line":49,"column":8},"end":{"line":52,"column":18}}]},"5":{"line":44,"type":"binary-expr","locations":[{"start":{"line":44,"column":16},"end":{"line":44,"column":44}},{"start":{"line":44,"column":48},"end":{"line":44,"column":66}}]},"6":{"line":50,"type":"binary-expr","locations":[{"start":{"line":50,"column":21},"end":{"line":50,"column":49}},{"start":{"line":50,"column":53},"end":{"line":50,"column":72}}]},"7":{"line":64,"type":"switch","locations":[{"start":{"line":69,"column":4},"end":{"line":70,"column":14}},{"start":{"line":75,"column":4},"end":{"line":76,"column":14}}]},"8":{"line":85,"type":"switch","locations":[{"start":{"line":90,"column":4},"end":{"line":95,"column":14}},{"start":{"line":101,"column":4},"end":{"line":183,"column":14},"skip":true}]},"9":{"line":92,"type":"binary-expr","locations":[{"start":{"line":92,"column":18},"end":{"line":92,"column":32}},{"start":{"line":93,"column":12},"end":{"line":93,"column":53}},{"start":{"line":94,"column":12},"end":{"line":94,"column":61}}]},"10":{"line":102,"type":"binary-expr","locations":[{"start":{"line":102,"column":45},"end":{"line":102,"column":79},"skip":true},{"start":{"line":102,"column":83},"end":{"line":111,"column":9},"skip":true}]},"11":{"line":113,"type":"binary-expr","locations":[{"start":{"line":113,"column":42},"end":{"line":113,"column":73},"skip":true},{"start":{"line":113,"column":77},"end":{"line":126,"column":9},"skip":true}]},"12":{"line":128,"type":"binary-expr","locations":[{"start":{"line":128,"column":48},"end":{"line":128,"column":85},"skip":true},{"start":{"line":129,"column":12},"end":{"line":135,"column":13},"skip":true}]},"13":{"line":137,"type":"binary-expr","locations":[{"start":{"line":137,"column":42},"end":{"line":137,"column":73},"skip":true},{"start":{"line":137,"column":77},"end":{"line":146,"column":9},"skip":true}]},"14":{"line":148,"type":"binary-expr","locations":[{"start":{"line":148,"column":45},"end":{"line":148,"column":79},"skip":true},{"start":{"line":148,"column":83},"end":{"line":157,"column":9},"skip":true}]},"15":{"line":159,"type":"binary-expr","locations":[{"start":{"line":159,"column":43},"end":{"line":159,"column":75},"skip":true},{"start":{"line":159,"column":79},"end":{"line":168,"column":9},"skip":true}]},"16":{"line":170,"type":"binary-expr","locations":[{"start":{"line":170,"column":41},"end":{"line":170,"column":71},"skip":true},{"start":{"line":170,"column":75},"end":{"line":179,"column":9},"skip":true}]}},"code":["/* istanbul instrument in package npmtest_adm_zip */","/*jslint","    bitwise: true,","    browser: true,","    maxerr: 8,","    maxlen: 96,","    node: true,","    nomen: true,","    regexp: true,","    stupid: true","*/","(function () {","    'use strict';","    var local;","","","","    // run shared js-env code - pre-init","    (function () {","        // init local","        local = {};","        // init modeJs","        local.modeJs = (function () {","            try {","                return typeof navigator.userAgent === 'string' &&","                    typeof document.querySelector('body') === 'object' &&","                    typeof XMLHttpRequest.prototype.open === 'function' &&","                    'browser';","            } catch (errorCaughtBrowser) {","                return module.exports &&","                    typeof process.versions.node === 'string' &&","                    typeof require('http').createServer === 'function' &&","                    'node';","            }","        }());","        // init global","        local.global = local.modeJs === 'browser'","            ? window","            : global;","        switch (local.modeJs) {","        // re-init local from window.local","        case 'browser':","            local = local.global.utility2.objectSetDefault(","                local.global.utility2_rollup || local.global.local,","                local.global.utility2","            );","            break;","        // re-init local from example.js","        case 'node':","            local = (local.global.utility2_rollup || require('utility2'))","                .requireExampleJsFromReadme();","            break;","        }","        // export local","        local.global.local = local;","    }());","","","","    // run shared js-env code - function","    (function () {","        return;","    }());","    switch (local.modeJs) {","","","","    // run browser js-env code - function","    case 'browser':","        break;","","","","    // run node js-env code - function","    case 'node':","        break;","    }","","","","    // run shared js-env code - post-init","    (function () {","        return;","    }());","    switch (local.modeJs) {","","","","    // run browser js-env code - post-init","    case 'browser':","        // run tests","        local.nop(local.modeTest &&","            document.querySelector('#testRunButton1') &&","            document.querySelector('#testRunButton1').click());","        break;","","","","    // run node js-env code - post-init","    /* istanbul ignore next */","    case 'node':","        local.testCase_buildApidoc_default = local.testCase_buildApidoc_default || function (","            options,","            onError","        ) {","        /*","         * this function will test buildApidoc's default handling-behavior-behavior","         */","            options = { modulePathList: module.paths };","            local.buildApidoc(options, onError);","        };","","        local.testCase_buildApp_default = local.testCase_buildApp_default || function (","            options,","            onError","        ) {","        /*","         * this function will test buildApp's default handling-behavior-behavior","         */","            local.testCase_buildReadme_default(options, local.onErrorThrow);","            local.testCase_buildLib_default(options, local.onErrorThrow);","            local.testCase_buildTest_default(options, local.onErrorThrow);","            local.testCase_buildCustomOrg_default(options, local.onErrorThrow);","            options = [];","            local.buildApp(options, onError);","        };","","        local.testCase_buildCustomOrg_default = local.testCase_buildCustomOrg_default ||","            function (options, onError) {","            /*","             * this function will test buildCustomOrg's default handling-behavior","             */","                options = {};","                local.buildCustomOrg(options, onError);","            };","","        local.testCase_buildLib_default = local.testCase_buildLib_default || function (","            options,","            onError","        ) {","        /*","         * this function will test buildLib's default handling-behavior","         */","            options = {};","            local.buildLib(options, onError);","        };","","        local.testCase_buildReadme_default = local.testCase_buildReadme_default || function (","            options,","            onError","        ) {","        /*","         * this function will test buildReadme's default handling-behavior-behavior","         */","            options = {};","            local.buildReadme(options, onError);","        };","","        local.testCase_buildTest_default = local.testCase_buildTest_default || function (","            options,","            onError","        ) {","        /*","         * this function will test buildTest's default handling-behavior","         */","            options = {};","            local.buildTest(options, onError);","        };","","        local.testCase_webpage_default = local.testCase_webpage_default || function (","            options,","            onError","        ) {","        /*","         * this function will test webpage's default handling-behavior","         */","            options = { modeCoverageMerge: true, url: local.serverLocalHost + '?modeTest=1' };","            local.browserTest(options, onError);","        };","","        // run test-server","        local.testRunServer(local);","        break;","    }","}());",""],"l":{"12":2,"14":2,"19":2,"21":2,"23":2,"24":2,"25":2,"30":1,"37":2,"40":2,"43":1,"47":1,"50":1,"52":1,"55":2,"61":2,"62":2,"64":2,"70":1,"76":1,"82":2,"83":2,"85":2,"92":1,"95":1,"102":1,"109":1,"110":1,"113":1,"120":1,"121":1,"122":1,"123":1,"124":1,"125":1,"128":1,"133":2,"134":2,"137":1,"144":2,"145":2,"148":1,"155":2,"156":2,"159":1,"166":2,"167":2,"170":1,"177":1,"178":1,"182":1,"183":1}},"/home/travis/build/npmtest/node-npmtest-adm-zip/lib.npmtest_adm_zip.js":{"path":"/home/travis/build/npmtest/node-npmtest-adm-zip/lib.npmtest_adm_zip.js","s":{"1":2,"2":2,"3":2,"4":2,"5":2,"6":2,"7":2,"8":1,"9":2,"10":2,"11":2,"12":2,"13":1,"14":1,"15":1,"16":1},"b":{"1":[2,1,1,1],"2":[1,1,1,1],"3":[1,1],"4":[2,2],"5":[1,1]},"f":{"1":2,"2":2,"3":2},"fnMap":{"1":{"name":"(anonymous_1)","line":12,"loc":{"start":{"line":12,"column":1},"end":{"line":12,"column":13}}},"2":{"name":"(anonymous_2)","line":19,"loc":{"start":{"line":19,"column":5},"end":{"line":19,"column":17}}},"3":{"name":"(anonymous_3)","line":23,"loc":{"start":{"line":23,"column":24},"end":{"line":23,"column":36}}}},"statementMap":{"1":{"start":{"line":12,"column":0},"end":{"line":53,"column":5}},"2":{"start":{"line":14,"column":4},"end":{"line":14,"column":14}},"3":{"start":{"line":19,"column":4},"end":{"line":52,"column":9}},"4":{"start":{"line":21,"column":8},"end":{"line":21,"column":19}},"5":{"start":{"line":23,"column":8},"end":{"line":35,"column":13}},"6":{"start":{"line":24,"column":12},"end":{"line":34,"column":13}},"7":{"start":{"line":25,"column":16},"end":{"line":28,"column":30}},"8":{"start":{"line":30,"column":16},"end":{"line":33,"column":27}},"9":{"start":{"line":37,"column":8},"end":{"line":39,"column":21}},"10":{"start":{"line":41,"column":8},"end":{"line":41,"column":54}},"11":{"start":{"line":43,"column":8},"end":{"line":43,"column":52}},"12":{"start":{"line":45,"column":8},"end":{"line":51,"column":9}},"13":{"start":{"line":46,"column":12},"end":{"line":46,"column":58}},"14":{"start":{"line":48,"column":12},"end":{"line":48,"column":35}},"15":{"start":{"line":49,"column":12},"end":{"line":49,"column":49}},"16":{"start":{"line":50,"column":12},"end":{"line":50,"column":43}}},"branchMap":{"1":{"line":25,"type":"binary-expr","locations":[{"start":{"line":25,"column":23},"end":{"line":25,"column":62}},{"start":{"line":26,"column":20},"end":{"line":26,"column":70}},{"start":{"line":27,"column":20},"end":{"line":27,"column":71}},{"start":{"line":28,"column":20},"end":{"line":28,"column":29}}]},"2":{"line":30,"type":"binary-expr","locations":[{"start":{"line":30,"column":23},"end":{"line":30,"column":37}},{"start":{"line":31,"column":20},"end":{"line":31,"column":61}},{"start":{"line":32,"column":20},"end":{"line":32,"column":70}},{"start":{"line":33,"column":20},"end":{"line":33,"column":26}}]},"3":{"line":37,"type":"cond-expr","locations":[{"start":{"line":38,"column":14},"end":{"line":38,"column":20}},{"start":{"line":39,"column":14},"end":{"line":39,"column":20}}]},"4":{"line":41,"type":"binary-expr","locations":[{"start":{"line":41,"column":16},"end":{"line":41,"column":44}},{"start":{"line":41,"column":48},"end":{"line":41,"column":53}}]},"5":{"line":45,"type":"if","locations":[{"start":{"line":45,"column":8},"end":{"line":45,"column":8}},{"start":{"line":45,"column":8},"end":{"line":45,"column":8}}]}},"code":["/* istanbul instrument in package npmtest_adm_zip */","/*jslint","    bitwise: true,","    browser: true,","    maxerr: 8,","    maxlen: 96,","    node: true,","    nomen: true,","    regexp: true,","    stupid: true","*/","(function () {","    'use strict';","    var local;","","","","    // run shared js-env code - pre-init","    (function () {","        // init local","        local = {};","        // init modeJs","        local.modeJs = (function () {","            try {","                return typeof navigator.userAgent === 'string' &&","                    typeof document.querySelector('body') === 'object' &&","                    typeof XMLHttpRequest.prototype.open === 'function' &&","                    'browser';","            } catch (errorCaughtBrowser) {","                return module.exports &&","                    typeof process.versions.node === 'string' &&","                    typeof require('http').createServer === 'function' &&","                    'node';","            }","        }());","        // init global","        local.global = local.modeJs === 'browser'","            ? window","            : global;","        // init utility2_rollup","        local = local.global.utility2_rollup || local;","        // init lib","        local.local = local.npmtest_adm_zip = local;","        // init exports","        if (local.modeJs === 'browser') {","            local.global.utility2_npmtest_adm_zip = local;","        } else {","            module.exports = local;","            module.exports.__dirname = __dirname;","            module.exports.module = module;","        }","    }());","}());",""],"l":{"12":2,"14":2,"19":2,"21":2,"23":2,"24":2,"25":2,"30":1,"37":2,"41":2,"43":2,"45":2,"46":1,"48":1,"49":1,"50":1}},"/home/travis/build/npmtest/node-npmtest-adm-zip/example.js":{"path":"/home/travis/build/npmtest/node-npmtest-adm-zip/example.js","s":{"1":2,"2":2,"3":2,"4":2,"5":2,"6":2,"7":2,"8":1,"9":2,"10":2,"11":2,"12":2,"13":1,"14":2,"15":2,"16":2,"17":2,"18":2,"19":0,"20":2,"21":1,"22":1,"23":1,"24":1,"25":1,"26":0,"27":0,"28":1,"29":1,"30":2,"31":0,"32":0,"33":0,"34":1,"35":2,"36":2,"37":2,"38":2,"39":2,"40":2,"41":0,"42":2,"43":2,"44":2,"45":1,"46":3,"47":1,"48":1,"49":1,"50":1,"51":1,"52":1,"53":1,"54":1,"55":1,"56":1,"57":0,"58":1,"59":6,"60":6,"61":1,"62":2,"63":0,"64":2,"65":1,"66":1,"67":0,"68":0,"69":0,"70":0,"71":0,"72":0,"73":0,"74":0,"75":0,"76":0,"77":0,"78":0,"79":0,"80":0,"81":0,"82":0,"83":0},"b":{"1":[2,1,1,1],"2":[1,1,1,1],"3":[1,1],"4":[2,2],"5":[1,1],"6":[1,1],"7":[2,0],"8":[2,1,1,1,1,1],"9":[0,2,0],"10":[1,1],"11":[2,1,1],"12":[1,0],"13":[0,2],"14":[2,0,0,0,0,0,0],"15":[0,2],"16":[2,0],"17":[1,1],"18":[0,1],"19":[1,2,0,2],"20":[1,0],"21":[1,1],"22":[0,0],"23":[0,0],"24":[0,0],"25":[0,0],"26":[0,0],"27":[0,0],"28":[0,0]},"f":{"1":2,"2":2,"3":2,"4":2,"5":2,"6":2,"7":2,"8":2,"9":3,"10":1,"11":6,"12":0},"fnMap":{"1":{"name":"(anonymous_1)","line":26,"loc":{"start":{"line":26,"column":1},"end":{"line":26,"column":13}}},"2":{"name":"(anonymous_2)","line":33,"loc":{"start":{"line":33,"column":5},"end":{"line":33,"column":17}}},"3":{"name":"(anonymous_3)","line":37,"loc":{"start":{"line":37,"column":24},"end":{"line":37,"column":36}}},"4":{"name":"(anonymous_4)","line":69,"loc":{"start":{"line":69,"column":31},"end":{"line":69,"column":48}},"skip":true},"5":{"name":"(anonymous_5)","line":78,"loc":{"start":{"line":78,"column":26},"end":{"line":78,"column":45}},"skip":true},"6":{"name":"(anonymous_6)","line":123,"loc":{"start":{"line":123,"column":33},"end":{"line":123,"column":48}},"skip":true},"7":{"name":"(anonymous_7)","line":125,"loc":{"start":{"line":125,"column":27},"end":{"line":125,"column":39}},"skip":true},"8":{"name":"(anonymous_8)","line":133,"loc":{"start":{"line":133,"column":59},"end":{"line":133,"column":74}},"skip":true},"9":{"name":"(anonymous_9)","line":143,"loc":{"start":{"line":143,"column":45},"end":{"line":143,"column":62}},"skip":true},"10":{"name":"(anonymous_10)","line":144,"loc":{"start":{"line":144,"column":73},"end":{"line":144,"column":92}},"skip":true},"11":{"name":"(anonymous_11)","line":272,"loc":{"start":{"line":272,"column":51},"end":{"line":272,"column":77}},"skip":true},"12":{"name":"(anonymous_12)","line":314,"loc":{"start":{"line":314,"column":32},"end":{"line":314,"column":61}},"skip":true}},"statementMap":{"1":{"start":{"line":26,"column":0},"end":{"line":325,"column":5}},"2":{"start":{"line":28,"column":4},"end":{"line":28,"column":14}},"3":{"start":{"line":33,"column":4},"end":{"line":60,"column":9}},"4":{"start":{"line":35,"column":8},"end":{"line":35,"column":19}},"5":{"start":{"line":37,"column":8},"end":{"line":49,"column":13}},"6":{"start":{"line":38,"column":12},"end":{"line":48,"column":13}},"7":{"start":{"line":39,"column":16},"end":{"line":42,"column":30}},"8":{"start":{"line":44,"column":16},"end":{"line":47,"column":27}},"9":{"start":{"line":51,"column":8},"end":{"line":53,"column":21}},"10":{"start":{"line":55,"column":8},"end":{"line":57,"column":45}},"11":{"start":{"line":59,"column":8},"end":{"line":59,"column":35}},"12":{"start":{"line":61,"column":4},"end":{"line":324,"column":5}},"13":{"start":{"line":69,"column":8},"end":{"line":121,"column":10},"skip":true},"14":{"start":{"line":70,"column":12},"end":{"line":88,"column":13},"skip":true},"15":{"start":{"line":76,"column":16},"end":{"line":87,"column":19},"skip":true},"16":{"start":{"line":79,"column":20},"end":{"line":86,"column":21},"skip":true},"17":{"start":{"line":82,"column":24},"end":{"line":82,"column":43},"skip":true},"18":{"start":{"line":83,"column":24},"end":{"line":83,"column":30},"skip":true},"19":{"start":{"line":85,"column":24},"end":{"line":85,"column":49},"skip":true},"20":{"start":{"line":89,"column":12},"end":{"line":107,"column":13},"skip":true},"21":{"start":{"line":92,"column":16},"end":{"line":102,"column":17},"skip":true},"22":{"start":{"line":93,"column":20},"end":{"line":93,"column":86},"skip":true},"23":{"start":{"line":94,"column":20},"end":{"line":95,"column":45},"skip":true},"24":{"start":{"line":96,"column":20},"end":{"line":96,"column":42},"skip":true},"25":{"start":{"line":97,"column":20},"end":{"line":97,"column":48},"skip":true},"26":{"start":{"line":100,"column":20},"end":{"line":100,"column":85},"skip":true},"27":{"start":{"line":101,"column":20},"end":{"line":101,"column":96},"skip":true},"28":{"start":{"line":103,"column":16},"end":{"line":103,"column":22},"skip":true},"29":{"start":{"line":106,"column":16},"end":{"line":106,"column":22},"skip":true},"30":{"start":{"line":108,"column":12},"end":{"line":120,"column":13},"skip":true},"31":{"start":{"line":114,"column":16},"end":{"line":119,"column":17},"skip":true},"32":{"start":{"line":116,"column":20},"end":{"line":116,"column":78},"skip":true},"33":{"start":{"line":118,"column":20},"end":{"line":118,"column":47},"skip":true},"34":{"start":{"line":123,"column":8},"end":{"line":141,"column":11},"skip":true},"35":{"start":{"line":124,"column":12},"end":{"line":124,"column":54},"skip":true},"36":{"start":{"line":125,"column":12},"end":{"line":140,"column":14},"skip":true},"37":{"start":{"line":126,"column":16},"end":{"line":126,"column":28},"skip":true},"38":{"start":{"line":127,"column":16},"end":{"line":127,"column":69},"skip":true},"39":{"start":{"line":128,"column":16},"end":{"line":128,"column":75},"skip":true},"40":{"start":{"line":129,"column":16},"end":{"line":131,"column":17},"skip":true},"41":{"start":{"line":130,"column":20},"end":{"line":130,"column":27},"skip":true},"42":{"start":{"line":133,"column":16},"end":{"line":137,"column":36},"skip":true},"43":{"start":{"line":134,"column":20},"end":{"line":136,"column":55},"skip":true},"44":{"start":{"line":139,"column":16},"end":{"line":139,"column":57},"skip":true},"45":{"start":{"line":143,"column":8},"end":{"line":147,"column":11},"skip":true},"46":{"start":{"line":144,"column":12},"end":{"line":146,"column":15},"skip":true},"47":{"start":{"line":145,"column":16},"end":{"line":145,"column":70},"skip":true},"48":{"start":{"line":149,"column":8},"end":{"line":149,"column":31},"skip":true},"49":{"start":{"line":150,"column":8},"end":{"line":150,"column":14},"skip":true},"50":{"start":{"line":158,"column":8},"end":{"line":158,"column":31},"skip":true},"51":{"start":{"line":160,"column":8},"end":{"line":160,"column":33},"skip":true},"52":{"start":{"line":161,"column":8},"end":{"line":161,"column":37},"skip":true},"53":{"start":{"line":162,"column":8},"end":{"line":162,"column":35},"skip":true},"54":{"start":{"line":164,"column":8},"end":{"line":164,"column":50},"skip":true},"55":{"start":{"line":166,"column":8},"end":{"line":256,"column":2},"skip":true},"56":{"start":{"line":258,"column":8},"end":{"line":286,"column":9},"skip":true},"57":{"start":{"line":259,"column":12},"end":{"line":269,"column":14},"skip":true},"58":{"start":{"line":271,"column":12},"end":{"line":285,"column":19},"skip":true},"59":{"start":{"line":274,"column":20},"end":{"line":274,"column":35},"skip":true},"60":{"start":{"line":275,"column":20},"end":{"line":284,"column":21},"skip":true},"61":{"start":{"line":277,"column":24},"end":{"line":277,"column":64},"skip":true},"62":{"start":{"line":279,"column":24},"end":{"line":279,"column":40},"skip":true},"63":{"start":{"line":281,"column":24},"end":{"line":281,"column":40},"skip":true},"64":{"start":{"line":283,"column":24},"end":{"line":283,"column":39},"skip":true},"65":{"start":{"line":288,"column":8},"end":{"line":290,"column":9},"skip":true},"66":{"start":{"line":289,"column":12},"end":{"line":289,"column":18},"skip":true},"67":{"start":{"line":291,"column":8},"end":{"line":293,"column":54},"skip":true},"68":{"start":{"line":294,"column":8},"end":{"line":301,"column":37},"skip":true},"69":{"start":{"line":302,"column":8},"end":{"line":302,"column":82},"skip":true},"70":{"start":{"line":305,"column":8},"end":{"line":307,"column":9},"skip":true},"71":{"start":{"line":306,"column":12},"end":{"line":306,"column":82},"skip":true},"72":{"start":{"line":309,"column":8},"end":{"line":311,"column":9},"skip":true},"73":{"start":{"line":310,"column":12},"end":{"line":310,"column":18},"skip":true},"74":{"start":{"line":312,"column":8},"end":{"line":312,"column":54},"skip":true},"75":{"start":{"line":313,"column":8},"end":{"line":313,"column":69},"skip":true},"76":{"start":{"line":314,"column":8},"end":{"line":322,"column":36},"skip":true},"77":{"start":{"line":315,"column":12},"end":{"line":315,"column":61},"skip":true},"78":{"start":{"line":316,"column":12},"end":{"line":319,"column":13},"skip":true},"79":{"start":{"line":317,"column":16},"end":{"line":317,"column":75},"skip":true},"80":{"start":{"line":318,"column":16},"end":{"line":318,"column":23},"skip":true},"81":{"start":{"line":320,"column":12},"end":{"line":320,"column":38},"skip":true},"82":{"start":{"line":321,"column":12},"end":{"line":321,"column":27},"skip":true},"83":{"start":{"line":323,"column":8},"end":{"line":323,"column":14},"skip":true}},"branchMap":{"1":{"line":39,"type":"binary-expr","locations":[{"start":{"line":39,"column":23},"end":{"line":39,"column":62}},{"start":{"line":40,"column":20},"end":{"line":40,"column":70}},{"start":{"line":41,"column":20},"end":{"line":41,"column":71}},{"start":{"line":42,"column":20},"end":{"line":42,"column":29}}]},"2":{"line":44,"type":"binary-expr","locations":[{"start":{"line":44,"column":23},"end":{"line":44,"column":37}},{"start":{"line":45,"column":20},"end":{"line":45,"column":61}},{"start":{"line":46,"column":20},"end":{"line":46,"column":70}},{"start":{"line":47,"column":20},"end":{"line":47,"column":26}}]},"3":{"line":51,"type":"cond-expr","locations":[{"start":{"line":52,"column":14},"end":{"line":52,"column":20}},{"start":{"line":53,"column":14},"end":{"line":53,"column":20}}]},"4":{"line":55,"type":"binary-expr","locations":[{"start":{"line":55,"column":16},"end":{"line":55,"column":44}},{"start":{"line":55,"column":49},"end":{"line":57,"column":43}}]},"5":{"line":55,"type":"cond-expr","locations":[{"start":{"line":56,"column":14},"end":{"line":56,"column":51}},{"start":{"line":57,"column":14},"end":{"line":57,"column":43}}]},"6":{"line":61,"type":"switch","locations":[{"start":{"line":68,"column":4},"end":{"line":150,"column":14},"skip":true},{"start":{"line":156,"column":4},"end":{"line":323,"column":14},"skip":true}]},"7":{"line":70,"type":"if","locations":[{"start":{"line":70,"column":12},"end":{"line":70,"column":12},"skip":true},{"start":{"line":70,"column":12},"end":{"line":70,"column":12},"skip":true}]},"8":{"line":70,"type":"binary-expr","locations":[{"start":{"line":70,"column":16},"end":{"line":70,"column":22},"skip":true},{"start":{"line":70,"column":27},"end":{"line":70,"column":32},"skip":true},{"start":{"line":71,"column":20},"end":{"line":71,"column":39},"skip":true},{"start":{"line":72,"column":20},"end":{"line":72,"column":49},"skip":true},{"start":{"line":73,"column":20},"end":{"line":73,"column":58},"skip":true},{"start":{"line":74,"column":20},"end":{"line":74,"column":69},"skip":true}]},"9":{"line":79,"type":"switch","locations":[{"start":{"line":80,"column":20},"end":{"line":80,"column":33},"skip":true},{"start":{"line":81,"column":20},"end":{"line":83,"column":30},"skip":true},{"start":{"line":84,"column":20},"end":{"line":85,"column":49},"skip":true}]},"10":{"line":89,"type":"switch","locations":[{"start":{"line":90,"column":12},"end":{"line":103,"column":22},"skip":true},{"start":{"line":105,"column":12},"end":{"line":106,"column":22},"skip":true}]},"11":{"line":89,"type":"binary-expr","locations":[{"start":{"line":89,"column":20},"end":{"line":89,"column":25},"skip":true},{"start":{"line":89,"column":29},"end":{"line":89,"column":48},"skip":true},{"start":{"line":89,"column":52},"end":{"line":89,"column":74},"skip":true}]},"12":{"line":92,"type":"if","locations":[{"start":{"line":92,"column":16},"end":{"line":92,"column":16},"skip":true},{"start":{"line":92,"column":16},"end":{"line":92,"column":16},"skip":true}]},"13":{"line":108,"type":"if","locations":[{"start":{"line":108,"column":12},"end":{"line":108,"column":12},"skip":true},{"start":{"line":108,"column":12},"end":{"line":108,"column":12},"skip":true}]},"14":{"line":108,"type":"binary-expr","locations":[{"start":{"line":108,"column":16},"end":{"line":108,"column":61},"skip":true},{"start":{"line":108,"column":66},"end":{"line":108,"column":72},"skip":true},{"start":{"line":108,"column":77},"end":{"line":108,"column":82},"skip":true},{"start":{"line":109,"column":20},"end":{"line":109,"column":39},"skip":true},{"start":{"line":110,"column":20},"end":{"line":110,"column":49},"skip":true},{"start":{"line":111,"column":20},"end":{"line":111,"column":58},"skip":true},{"start":{"line":112,"column":20},"end":{"line":112,"column":68},"skip":true}]},"15":{"line":129,"type":"if","locations":[{"start":{"line":129,"column":16},"end":{"line":129,"column":16},"skip":true},{"start":{"line":129,"column":16},"end":{"line":129,"column":16},"skip":true}]},"16":{"line":134,"type":"cond-expr","locations":[{"start":{"line":135,"column":26},"end":{"line":135,"column":29},"skip":true},{"start":{"line":136,"column":26},"end":{"line":136,"column":54},"skip":true}]},"17":{"line":164,"type":"binary-expr","locations":[{"start":{"line":164,"column":27},"end":{"line":164,"column":43},"skip":true},{"start":{"line":164,"column":47},"end":{"line":164,"column":49},"skip":true}]},"18":{"line":258,"type":"if","locations":[{"start":{"line":258,"column":8},"end":{"line":258,"column":8},"skip":true},{"start":{"line":258,"column":8},"end":{"line":258,"column":8},"skip":true}]},"19":{"line":275,"type":"switch","locations":[{"start":{"line":276,"column":20},"end":{"line":277,"column":64},"skip":true},{"start":{"line":278,"column":20},"end":{"line":279,"column":40},"skip":true},{"start":{"line":280,"column":20},"end":{"line":281,"column":40},"skip":true},{"start":{"line":282,"column":20},"end":{"line":283,"column":39},"skip":true}]},"20":{"line":288,"type":"if","locations":[{"start":{"line":288,"column":8},"end":{"line":288,"column":8},"skip":true},{"start":{"line":288,"column":8},"end":{"line":288,"column":8},"skip":true}]},"21":{"line":288,"type":"binary-expr","locations":[{"start":{"line":288,"column":12},"end":{"line":288,"column":40},"skip":true},{"start":{"line":288,"column":44},"end":{"line":288,"column":67},"skip":true}]},"22":{"line":292,"type":"binary-expr","locations":[{"start":{"line":292,"column":12},"end":{"line":292,"column":50},"skip":true},{"start":{"line":293,"column":12},"end":{"line":293,"column":53},"skip":true}]},"23":{"line":295,"type":"binary-expr","locations":[{"start":{"line":295,"column":12},"end":{"line":295,"column":65},"skip":true},{"start":{"line":296,"column":12},"end":{"line":301,"column":36},"skip":true}]},"24":{"line":302,"type":"binary-expr","locations":[{"start":{"line":302,"column":43},"end":{"line":302,"column":75},"skip":true},{"start":{"line":302,"column":79},"end":{"line":302,"column":81},"skip":true}]},"25":{"line":305,"type":"if","locations":[{"start":{"line":305,"column":8},"end":{"line":305,"column":8},"skip":true},{"start":{"line":305,"column":8},"end":{"line":305,"column":8},"skip":true}]},"26":{"line":309,"type":"if","locations":[{"start":{"line":309,"column":8},"end":{"line":309,"column":8},"skip":true},{"start":{"line":309,"column":8},"end":{"line":309,"column":8},"skip":true}]},"27":{"line":312,"type":"binary-expr","locations":[{"start":{"line":312,"column":27},"end":{"line":312,"column":43},"skip":true},{"start":{"line":312,"column":47},"end":{"line":312,"column":53},"skip":true}]},"28":{"line":316,"type":"if","locations":[{"start":{"line":316,"column":12},"end":{"line":316,"column":12},"skip":true},{"start":{"line":316,"column":12},"end":{"line":316,"column":12},"skip":true}]}},"code":["/*","example.js","","quickstart example","","instruction","    1. save this script as example.js","    2. run the shell command:","        $ npm install npmtest-adm-zip && PORT=8081 node example.js","    3. play with the browser-demo on http://127.0.0.1:8081","*/","","","","/* istanbul instrument in package npmtest_adm_zip */","/*jslint","    bitwise: true,","    browser: true,","    maxerr: 8,","    maxlen: 96,","    node: true,","    nomen: true,","    regexp: true,","    stupid: true","*/","(function () {","    'use strict';","    var local;","","","","    // run shared js-env code - pre-init","    (function () {","        // init local","        local = {};","        // init modeJs","        local.modeJs = (function () {","            try {","                return typeof navigator.userAgent === 'string' &&","                    typeof document.querySelector('body') === 'object' &&","                    typeof XMLHttpRequest.prototype.open === 'function' &&","                    'browser';","            } catch (errorCaughtBrowser) {","                return module.exports &&","                    typeof process.versions.node === 'string' &&","                    typeof require('http').createServer === 'function' &&","                    'node';","            }","        }());","        // init global","        local.global = local.modeJs === 'browser'","            ? window","            : global;","        // init utility2_rollup","        local = local.global.utility2_rollup || (local.modeJs === 'browser'","            ? local.global.utility2_npmtest_adm_zip","            : global.utility2_moduleExports);","        // export local","        local.global.local = local;","    }());","    switch (local.modeJs) {","","","","    // post-init","    // run browser js-env code - post-init","    /* istanbul ignore next */","    case 'browser':","        local.testRunBrowser = function (event) {","            if (!event || (event &&","                    event.currentTarget &&","                    event.currentTarget.className &&","                    event.currentTarget.className.includes &&","                    event.currentTarget.className.includes('onreset'))) {","                // reset output","                Array.from(","                    document.querySelectorAll('body > .resettable')","                ).forEach(function (element) {","                    switch (element.tagName) {","                    case 'INPUT':","                    case 'TEXTAREA':","                        element.value = '';","                        break;","                    default:","                        element.textContent = '';","                    }","                });","            }","            switch (event && event.currentTarget && event.currentTarget.id) {","            case 'testRunButton1':","                // show tests","                if (document.querySelector('#testReportDiv1').style.display === 'none') {","                    document.querySelector('#testReportDiv1').style.display = 'block';","                    document.querySelector('#testRunButton1').textContent =","                        'hide internal test';","                    local.modeTest = true;","                    local.testRunDefault(local);","                // hide tests","                } else {","                    document.querySelector('#testReportDiv1').style.display = 'none';","                    document.querySelector('#testRunButton1').textContent = 'run internal test';","                }","                break;","            // custom-case","            default:","                break;","            }","            if (document.querySelector('#inputTextareaEval1') && (!event || (event &&","                    event.currentTarget &&","                    event.currentTarget.className &&","                    event.currentTarget.className.includes &&","                    event.currentTarget.className.includes('oneval')))) {","                // try to eval input-code","                try {","                    /*jslint evil: true*/","                    eval(document.querySelector('#inputTextareaEval1').value);","                } catch (errorCaught) {","                    console.error(errorCaught);","                }","            }","        };","        // log stderr and stdout to #outputTextareaStdout1","        ['error', 'log'].forEach(function (key) {","            console[key + '_original'] = console[key];","            console[key] = function () {","                var element;","                console[key + '_original'].apply(console, arguments);","                element = document.querySelector('#outputTextareaStdout1');","                if (!element) {","                    return;","                }","                // append text to #outputTextareaStdout1","                element.value += Array.from(arguments).map(function (arg) {","                    return typeof arg === 'string'","                        ? arg","                        : JSON.stringify(arg, null, 4);","                }).join(' ') + '\\n';","                // scroll textarea to bottom","                element.scrollTop = element.scrollHeight;","            };","        });","        // init event-handling","        ['change', 'click', 'keyup'].forEach(function (event) {","            Array.from(document.querySelectorAll('.on' + event)).forEach(function (element) {","                element.addEventListener(event, local.testRunBrowser);","            });","        });","        // run tests","        local.testRunBrowser();","        break;","","","","    // run node js-env code - post-init","    /* istanbul ignore next */","    case 'node':","        // export local","        module.exports = local;","        // require modules","        local.fs = require('fs');","        local.http = require('http');","        local.url = require('url');","        // init assets","        local.assetsDict = local.assetsDict || {};","        /* jslint-ignore-begin */","        local.assetsDict['/assets.index.template.html'] = '\\","<!doctype html>\\n\\","<html lang=\"en\">\\n\\","<head>\\n\\","<meta charset=\"UTF-8\">\\n\\","<meta name=\"viewport\" content=\"width=device-width, initial-scale=1\">\\n\\","<title>{{env.npm_package_name}} (v{{env.npm_package_version}})</title>\\n\\","<style>\\n\\","/*csslint\\n\\","    box-sizing: false,\\n\\","    universal-selector: false\\n\\","*/\\n\\","* {\\n\\","    box-sizing: border-box;\\n\\","}\\n\\","body {\\n\\","    background: #dde;\\n\\","    font-family: Arial, Helvetica, sans-serif;\\n\\","    margin: 2rem;\\n\\","}\\n\\","body > * {\\n\\","    margin-bottom: 1rem;\\n\\","}\\n\\",".utility2FooterDiv {\\n\\","    margin-top: 20px;\\n\\","    text-align: center;\\n\\","}\\n\\","</style>\\n\\","<style>\\n\\","/*csslint\\n\\","*/\\n\\","textarea {\\n\\","    font-family: monospace;\\n\\","    height: 10rem;\\n\\","    width: 100%;\\n\\","}\\n\\","textarea[readonly] {\\n\\","    background: #ddd;\\n\\","}\\n\\","</style>\\n\\","</head>\\n\\","<body>\\n\\","<!-- utility2-comment\\n\\","<div id=\"ajaxProgressDiv1\" style=\"background: #d00; height: 2px; left: 0; margin: 0; padding: 0; position: fixed; top: 0; transition: background 0.5s, width 1.5s; width: 25%;\"></div>\\n\\","utility2-comment -->\\n\\","<h1>\\n\\","<!-- utility2-comment\\n\\","    <a\\n\\","        {{#if env.npm_package_homepage}}\\n\\","        href=\"{{env.npm_package_homepage}}\"\\n\\","        {{/if env.npm_package_homepage}}\\n\\","        target=\"_blank\"\\n\\","    >\\n\\","utility2-comment -->\\n\\","        {{env.npm_package_name}} (v{{env.npm_package_version}})\\n\\","<!-- utility2-comment\\n\\","    </a>\\n\\","utility2-comment -->\\n\\","</h1>\\n\\","<h3>{{env.npm_package_description}}</h3>\\n\\","<!-- utility2-comment\\n\\","<h4><a download href=\"assets.app.js\">download standalone app</a></h4>\\n\\","<button class=\"onclick onreset\" id=\"testRunButton1\">run internal test</button><br>\\n\\","<div id=\"testReportDiv1\" style=\"display: none;\"></div>\\n\\","utility2-comment -->\\n\\","\\n\\","\\n\\","\\n\\","<label>stderr and stdout</label>\\n\\","<textarea class=\"resettable\" id=\"outputTextareaStdout1\" readonly></textarea>\\n\\","<!-- utility2-comment\\n\\","{{#if isRollup}}\\n\\","<script src=\"assets.app.js\"></script>\\n\\","{{#unless isRollup}}\\n\\","utility2-comment -->\\n\\","<script src=\"assets.utility2.rollup.js\"></script>\\n\\","<script src=\"jsonp.utility2._stateInit?callback=window.utility2._stateInit\"></script>\\n\\","<script src=\"assets.npmtest_adm_zip.rollup.js\"></script>\\n\\","<script src=\"assets.example.js\"></script>\\n\\","<script src=\"assets.test.js\"></script>\\n\\","<!-- utility2-comment\\n\\","{{/if isRollup}}\\n\\","utility2-comment -->\\n\\","<div class=\"utility2FooterDiv\">\\n\\","    [ this app was created with\\n\\","    <a href=\"https://github.com/kaizhu256/node-utility2\" target=\"_blank\">utility2</a>\\n\\","    ]\\n\\","</div>\\n\\","</body>\\n\\","</html>\\n\\","';","        /* jslint-ignore-end */","        if (local.templateRender) {","            local.assetsDict['/'] = local.templateRender(","                local.assetsDict['/assets.index.template.html'],","                {","                    env: local.objectSetDefault(local.env, {","                        npm_package_description: 'the greatest app in the world!',","                        npm_package_name: 'my-app',","                        npm_package_nameAlias: 'my_app',","                        npm_package_version: '0.0.1'","                    })","                }","            );","        } else {","            local.assetsDict['/'] = local.assetsDict['/assets.index.template.html']","                .replace((/\\{\\{env\\.(\\w+?)\\}\\}/g), function (match0, match1) {","                    // jslint-hack","                    String(match0);","                    switch (match1) {","                    case 'npm_package_description':","                        return 'the greatest app in the world!';","                    case 'npm_package_name':","                        return 'my-app';","                    case 'npm_package_nameAlias':","                        return 'my_app';","                    case 'npm_package_version':","                        return '0.0.1';","                    }","                });","        }","        // run the cli","        if (local.global.utility2_rollup || module !== require.main) {","            break;","        }","        local.assetsDict['/assets.example.js'] =","            local.assetsDict['/assets.example.js'] ||","            local.fs.readFileSync(__filename, 'utf8');","        local.assetsDict['/assets.npmtest_adm_zip.rollup.js'] =","            local.assetsDict['/assets.npmtest_adm_zip.rollup.js'] ||","            local.fs.readFileSync(","                // buildCustomOrg-hack","                local.npmtest_adm_zip.__dirname +","                    '/lib.npmtest_adm_zip.js',","                'utf8'","            ).replace((/^#!/), '//');","        local.assetsDict['/favicon.ico'] = local.assetsDict['/favicon.ico'] || '';","        // if $npm_config_timeout_exit exists,","        // then exit this process after $npm_config_timeout_exit ms","        if (Number(process.env.npm_config_timeout_exit)) {","            setTimeout(process.exit, Number(process.env.npm_config_timeout_exit));","        }","        // start server","        if (local.global.utility2_serverHttp1) {","            break;","        }","        process.env.PORT = process.env.PORT || '8081';","        console.error('server starting on port ' + process.env.PORT);","        local.http.createServer(function (request, response) {","            request.urlParsed = local.url.parse(request.url);","            if (local.assetsDict[request.urlParsed.pathname] !== undefined) {","                response.end(local.assetsDict[request.urlParsed.pathname]);","                return;","            }","            response.statusCode = 404;","            response.end();","        }).listen(process.env.PORT);","        break;","    }","}());",""],"l":{"26":2,"28":2,"33":2,"35":2,"37":2,"38":2,"39":2,"44":1,"51":2,"55":2,"59":2,"61":2,"69":1,"70":2,"76":2,"79":2,"82":2,"83":2,"85":1,"89":2,"92":1,"93":1,"94":1,"96":1,"97":1,"100":1,"101":1,"103":1,"106":1,"108":2,"114":1,"116":1,"118":1,"123":1,"124":2,"125":2,"126":2,"127":2,"128":2,"129":2,"130":1,"133":2,"134":2,"139":2,"143":1,"144":3,"145":1,"149":1,"150":1,"158":1,"160":1,"161":1,"162":1,"164":1,"166":1,"258":1,"259":1,"271":1,"274":6,"275":6,"277":1,"279":2,"281":1,"283":2,"288":1,"289":1,"291":1,"294":1,"302":1,"305":1,"306":1,"309":1,"310":1,"312":1,"313":1,"314":1,"315":1,"316":1,"317":1,"318":1,"320":1,"321":1,"323":1}},"/home/travis/build/npmtest/node-npmtest-adm-zip/node_modules/adm-zip/adm-zip.js":{"path":"/home/travis/build/npmtest/node-npmtest-adm-zip/node_modules/adm-zip/adm-zip.js","s":{"1":1,"2":1,"3":1,"4":1,"5":0,"6":0,"7":0,"8":0,"9":0,"10":0,"11":0,"12":0,"13":0,"14":1,"15":0,"16":0,"17":0,"18":0,"19":0,"20":0,"21":0,"22":0,"23":0,"24":0,"25":0,"26":0,"27":0,"28":0,"29":0,"30":0,"31":0,"32":0,"33":0,"34":0,"35":0,"36":0,"37":0,"38":0,"39":0,"40":0,"41":0,"42":0,"43":0,"44":0,"45":0,"46":0,"47":0,"48":0,"49":0,"50":0,"51":0,"52":0,"53":0,"54":0,"55":0,"56":0,"57":0,"58":0,"59":0,"60":0,"61":0,"62":0,"63":0,"64":0,"65":0,"66":0,"67":0,"68":0,"69":0,"70":0,"71":0,"72":0,"73":0,"74":0,"75":0,"76":0,"77":0,"78":0,"79":0,"80":0,"81":0,"82":0,"83":0,"84":0,"85":0,"86":0,"87":0,"88":0,"89":0,"90":0,"91":0,"92":0,"93":0,"94":0,"95":0,"96":0,"97":0,"98":0,"99":0,"100":0,"101":0,"102":0,"103":0,"104":0,"105":0,"106":0,"107":0,"108":0,"109":0,"110":0,"111":0,"112":0,"113":0,"114":0,"115":0,"116":0,"117":0,"118":0,"119":0,"120":0,"121":0,"122":0,"123":0,"124":0,"125":0,"126":0,"127":0,"128":0,"129":0,"130":0,"131":0,"132":0,"133":0,"134":0,"135":0,"136":0,"137":0,"138":0,"139":0,"140":0,"141":0,"142":0,"143":0,"144":0,"145":0,"146":0,"147":0,"148":0,"149":0,"150":0,"151":0,"152":0,"153":0,"154":0,"155":0,"156":0,"157":0,"158":0,"159":0,"160":0,"161":0,"162":0,"163":0,"164":0,"165":0,"166":0,"167":0,"168":0,"169":0,"170":0,"171":0,"172":0,"173":0,"174":0,"175":0,"176":0,"177":0,"178":0,"179":0,"180":0,"181":0,"182":0,"183":0,"184":0,"185":0,"186":0,"187":0,"188":0,"189":0},"b":{"1":[1,0],"2":[0,0],"3":[0,0],"4":[0,0],"5":[0,0],"6":[0,0],"7":[0,0],"8":[0,0],"9":[0,0],"10":[0,0],"11":[0,0,0],"12":[0,0],"13":[0,0,0],"14":[0,0],"15":[0,0],"16":[0,0],"17":[0,0],"18":[0,0],"19":[0,0],"20":[0,0],"21":[0,0],"22":[0,0],"23":[0,0],"24":[0,0],"25":[0,0],"26":[0,0],"27":[0,0],"28":[0,0],"29":[0,0],"30":[0,0],"31":[0,0],"32":[0,0],"33":[0,0],"34":[0,0],"35":[0,0],"36":[0,0],"37":[0,0],"38":[0,0],"39":[0,0],"40":[0,0],"41":[0,0],"42":[0,0],"43":[0,0],"44":[0,0],"45":[0,0],"46":[0,0],"47":[0,0],"48":[0,0],"49":[0,0],"50":[0,0],"51":[0,0],"52":[0,0],"53":[0,0],"54":[0,0],"55":[0,0],"56":[0,0],"57":[0,0],"58":[0,0],"59":[0,0],"60":[0,0],"61":[0,0],"62":[0,0],"63":[0,0],"64":[0,0],"65":[0,0],"66":[0,0],"67":[0,0],"68":[0,0],"69":[0,0],"70":[0,0],"71":[0,0],"72":[0,0],"73":[0,0],"74":[0,0],"75":[0,0],"76":[0,0],"77":[0,0],"78":[0,0],"79":[0,0],"80":[0,0]},"f":{"1":0,"2":0,"3":0,"4":0,"5":0,"6":0,"7":0,"8":0,"9":0,"10":0,"11":0,"12":0,"13":0,"14":0,"15":0,"16":0,"17":0,"18":0,"19":0,"20":0,"21":0,"22":0,"23":0,"24":0,"25":0,"26":0,"27":0,"28":0,"29":0,"30":0,"31":0,"32":0},"fnMap":{"1":{"name":"(anonymous_1)","line":10,"loc":{"start":{"line":10,"column":17},"end":{"line":10,"column":43}}},"2":{"name":"getEntry","line":27,"loc":{"start":{"line":27,"column":4},"end":{"line":27,"column":39}}},"3":{"name":"(anonymous_3)","line":51,"loc":{"start":{"line":51,"column":19},"end":{"line":51,"column":45}}},"4":{"name":"(anonymous_4)","line":63,"loc":{"start":{"line":63,"column":24},"end":{"line":63,"column":72}}},"5":{"name":"(anonymous_5)","line":79,"loc":{"start":{"line":79,"column":21},"end":{"line":79,"column":78}}},"6":{"name":"(anonymous_6)","line":98,"loc":{"start":{"line":98,"column":26},"end":{"line":98,"column":105}}},"7":{"name":"(anonymous_7)","line":101,"loc":{"start":{"line":101,"column":34},"end":{"line":101,"column":49}}},"8":{"name":"(anonymous_8)","line":118,"loc":{"start":{"line":118,"column":21},"end":{"line":118,"column":47}}},"9":{"name":"(anonymous_9)","line":130,"loc":{"start":{"line":130,"column":24},"end":{"line":130,"column":52}}},"10":{"name":"(anonymous_10)","line":139,"loc":{"start":{"line":139,"column":24},"end":{"line":139,"column":35}}},"11":{"name":"(anonymous_11)","line":150,"loc":{"start":{"line":150,"column":29},"end":{"line":150,"column":73}}},"12":{"name":"(anonymous_12)","line":163,"loc":{"start":{"line":163,"column":29},"end":{"line":163,"column":55}}},"13":{"name":"(anonymous_13)","line":177,"loc":{"start":{"line":177,"column":21},"end":{"line":177,"column":66}}},"14":{"name":"(anonymous_14)","line":189,"loc":{"start":{"line":189,"column":23},"end":{"line":189,"column":91}}},"15":{"name":"(anonymous_15)","line":219,"loc":{"start":{"line":219,"column":25},"end":{"line":219,"column":101}}},"16":{"name":"(anonymous_16)","line":221,"loc":{"start":{"line":221,"column":23},"end":{"line":221,"column":34}}},"17":{"name":"(anonymous_17)","line":223,"loc":{"start":{"line":223,"column":23},"end":{"line":223,"column":40}}},"18":{"name":"(anonymous_18)","line":224,"loc":{"start":{"line":224,"column":23},"end":{"line":224,"column":42}}},"19":{"name":"(anonymous_19)","line":249,"loc":{"start":{"line":249,"column":34},"end":{"line":249,"column":49}}},"20":{"name":"(anonymous_20)","line":275,"loc":{"start":{"line":275,"column":18},"end":{"line":275,"column":102}}},"21":{"name":"(anonymous_21)","line":292,"loc":{"start":{"line":292,"column":21},"end":{"line":292,"column":32}}},"22":{"name":"(anonymous_22)","line":306,"loc":{"start":{"line":306,"column":19},"end":{"line":306,"column":44}}},"23":{"name":"(anonymous_23)","line":323,"loc":{"start":{"line":323,"column":25},"end":{"line":323,"column":125}}},"24":{"name":"(anonymous_24)","line":337,"loc":{"start":{"line":337,"column":33},"end":{"line":337,"column":49}}},"25":{"name":"(anonymous_25)","line":366,"loc":{"start":{"line":366,"column":23},"end":{"line":366,"column":76}}},"26":{"name":"(anonymous_26)","line":372,"loc":{"start":{"line":372,"column":33},"end":{"line":372,"column":49}}},"27":{"name":"(anonymous_27)","line":393,"loc":{"start":{"line":393,"column":28},"end":{"line":393,"column":103}}},"28":{"name":"(anonymous_28)","line":402,"loc":{"start":{"line":402,"column":28},"end":{"line":402,"column":44}}},"29":{"name":"(anonymous_29)","line":411,"loc":{"start":{"line":411,"column":35},"end":{"line":411,"column":53}}},"30":{"name":"(anonymous_30)","line":418,"loc":{"start":{"line":418,"column":116},"end":{"line":418,"column":131}}},"31":{"name":"(anonymous_31)","line":441,"loc":{"start":{"line":441,"column":19},"end":{"line":441,"column":76}}},"32":{"name":"(anonymous_32)","line":466,"loc":{"start":{"line":466,"column":19},"end":{"line":466,"column":116}}}},"statementMap":{"1":{"start":{"line":1,"column":0},"end":{"line":2,"column":26}},"2":{"start":{"line":4,"column":0},"end":{"line":4,"column":48}},"3":{"start":{"line":6,"column":0},"end":{"line":8,"column":30}},"4":{"start":{"line":10,"column":0},"end":{"line":475,"column":2}},"5":{"start":{"line":11,"column":4},"end":{"line":12,"column":23}},"6":{"start":{"line":14,"column":4},"end":{"line":25,"column":5}},"7":{"start":{"line":15,"column":8},"end":{"line":20,"column":9}},"8":{"start":{"line":16,"column":12},"end":{"line":16,"column":30}},"9":{"start":{"line":17,"column":12},"end":{"line":17,"column":60}},"10":{"start":{"line":19,"column":11},"end":{"line":19,"column":47}},"11":{"start":{"line":21,"column":11},"end":{"line":25,"column":5}},"12":{"start":{"line":22,"column":8},"end":{"line":22,"column":58}},"13":{"start":{"line":24,"column":8},"end":{"line":24,"column":55}},"14":{"start":{"line":27,"column":4},"end":{"line":42,"column":5}},"15":{"start":{"line":28,"column":8},"end":{"line":40,"column":9}},"16":{"start":{"line":29,"column":12},"end":{"line":29,"column":21}},"17":{"start":{"line":31,"column":12},"end":{"line":32,"column":44}},"18":{"start":{"line":32,"column":16},"end":{"line":32,"column":44}},"19":{"start":{"line":34,"column":12},"end":{"line":35,"column":55}},"20":{"start":{"line":35,"column":16},"end":{"line":35,"column":55}},"21":{"start":{"line":37,"column":12},"end":{"line":39,"column":13}},"22":{"start":{"line":38,"column":16},"end":{"line":38,"column":28}},"23":{"start":{"line":41,"column":8},"end":{"line":41,"column":20}},"24":{"start":{"line":44,"column":4},"end":{"line":474,"column":5}},"25":{"start":{"line":52,"column":12},"end":{"line":52,"column":39}},"26":{"start":{"line":53,"column":12},"end":{"line":53,"column":50}},"27":{"start":{"line":64,"column":12},"end":{"line":64,"column":39}},"28":{"start":{"line":65,"column":12},"end":{"line":69,"column":13}},"29":{"start":{"line":66,"column":16},"end":{"line":66,"column":44}},"30":{"start":{"line":68,"column":16},"end":{"line":68,"column":61}},"31":{"start":{"line":80,"column":12},"end":{"line":80,"column":39}},"32":{"start":{"line":81,"column":12},"end":{"line":86,"column":13}},"33":{"start":{"line":82,"column":16},"end":{"line":82,"column":42}},"34":{"start":{"line":83,"column":16},"end":{"line":85,"column":17}},"35":{"start":{"line":84,"column":20},"end":{"line":84,"column":61}},"36":{"start":{"line":87,"column":12},"end":{"line":87,"column":22}},"37":{"start":{"line":99,"column":12},"end":{"line":99,"column":39}},"38":{"start":{"line":100,"column":12},"end":{"line":110,"column":13}},"39":{"start":{"line":101,"column":16},"end":{"line":107,"column":18}},"40":{"start":{"line":102,"column":20},"end":{"line":106,"column":21}},"41":{"start":{"line":103,"column":24},"end":{"line":103,"column":68}},"42":{"start":{"line":105,"column":24},"end":{"line":105,"column":37}},"43":{"start":{"line":109,"column":16},"end":{"line":109,"column":29}},"44":{"start":{"line":119,"column":12},"end":{"line":119,"column":39}},"45":{"start":{"line":120,"column":12},"end":{"line":122,"column":13}},"46":{"start":{"line":121,"column":16},"end":{"line":121,"column":49}},"47":{"start":{"line":131,"column":12},"end":{"line":131,"column":35}},"48":{"start":{"line":140,"column":12},"end":{"line":140,"column":38}},"49":{"start":{"line":151,"column":12},"end":{"line":151,"column":39}},"50":{"start":{"line":152,"column":12},"end":{"line":154,"column":13}},"51":{"start":{"line":153,"column":16},"end":{"line":153,"column":39}},"52":{"start":{"line":164,"column":12},"end":{"line":164,"column":39}},"53":{"start":{"line":165,"column":12},"end":{"line":167,"column":13}},"54":{"start":{"line":166,"column":16},"end":{"line":166,"column":42}},"55":{"start":{"line":168,"column":12},"end":{"line":168,"column":21}},"56":{"start":{"line":178,"column":12},"end":{"line":178,"column":39}},"57":{"start":{"line":179,"column":12},"end":{"line":181,"column":13}},"58":{"start":{"line":180,"column":16},"end":{"line":180,"column":38}},"59":{"start":{"line":190,"column":13},"end":{"line":208,"column":14}},"60":{"start":{"line":191,"column":16},"end":{"line":198,"column":17}},"61":{"start":{"line":192,"column":20},"end":{"line":192,"column":58}},"62":{"start":{"line":193,"column":20},"end":{"line":195,"column":21}},"63":{"start":{"line":194,"column":24},"end":{"line":194,"column":39}},"64":{"start":{"line":197,"column":20},"end":{"line":197,"column":31}},"65":{"start":{"line":199,"column":17},"end":{"line":199,"column":74}},"66":{"start":{"line":201,"column":17},"end":{"line":205,"column":18}},"67":{"start":{"line":202,"column":20},"end":{"line":202,"column":84}},"68":{"start":{"line":204,"column":20},"end":{"line":204,"column":78}},"69":{"start":{"line":207,"column":17},"end":{"line":207,"column":76}},"70":{"start":{"line":220,"column":12},"end":{"line":228,"column":13}},"71":{"start":{"line":221,"column":14},"end":{"line":221,"column":51}},"72":{"start":{"line":221,"column":36},"end":{"line":221,"column":48}},"73":{"start":{"line":222,"column":19},"end":{"line":228,"column":13}},"74":{"start":{"line":223,"column":14},"end":{"line":227,"column":24}},"75":{"start":{"line":224,"column":16},"end":{"line":226,"column":17}},"76":{"start":{"line":225,"column":18},"end":{"line":225,"column":47}},"77":{"start":{"line":230,"column":12},"end":{"line":237,"column":13}},"78":{"start":{"line":231,"column":16},"end":{"line":231,"column":54}},"79":{"start":{"line":232,"column":16},"end":{"line":234,"column":17}},"80":{"start":{"line":233,"column":20},"end":{"line":233,"column":35}},"81":{"start":{"line":236,"column":16},"end":{"line":236,"column":27}},"82":{"start":{"line":238,"column":3},"end":{"line":238,"column":47}},"83":{"start":{"line":239,"column":12},"end":{"line":239,"column":49}},"84":{"start":{"line":240,"column":12},"end":{"line":241,"column":33}},"85":{"start":{"line":241,"column":16},"end":{"line":241,"column":33}},"86":{"start":{"line":243,"column":12},"end":{"line":262,"column":13}},"87":{"start":{"line":245,"column":16},"end":{"line":246,"column":32}},"88":{"start":{"line":248,"column":16},"end":{"line":259,"column":17}},"89":{"start":{"line":249,"column":20},"end":{"line":258,"column":23}},"90":{"start":{"line":250,"column":6},"end":{"line":250,"column":82}},"91":{"start":{"line":251,"column":24},"end":{"line":257,"column":25}},"92":{"start":{"line":252,"column":28},"end":{"line":256,"column":29}},"93":{"start":{"line":253,"column":32},"end":{"line":253,"column":85}},"94":{"start":{"line":255,"column":32},"end":{"line":255,"column":77}},"95":{"start":{"line":261,"column":16},"end":{"line":261,"column":75}},"96":{"start":{"line":276,"column":12},"end":{"line":276,"column":39}},"97":{"start":{"line":277,"column":12},"end":{"line":277,"column":40}},"98":{"start":{"line":278,"column":12},"end":{"line":278,"column":42}},"99":{"start":{"line":279,"column":12},"end":{"line":279,"column":37}},"100":{"start":{"line":280,"column":12},"end":{"line":282,"column":13}},"101":{"start":{"line":283,"column":12},"end":{"line":283,"column":35}},"102":{"start":{"line":284,"column":12},"end":{"line":284,"column":33}},"103":{"start":{"line":293,"column":12},"end":{"line":297,"column":13}},"104":{"start":{"line":294,"column":15},"end":{"line":294,"column":35}},"105":{"start":{"line":296,"column":16},"end":{"line":296,"column":26}},"106":{"start":{"line":307,"column":12},"end":{"line":307,"column":34}},"107":{"start":{"line":324,"column":12},"end":{"line":324,"column":43}},"108":{"start":{"line":325,"column":12},"end":{"line":325,"column":99}},"109":{"start":{"line":327,"column":12},"end":{"line":327,"column":39}},"110":{"start":{"line":328,"column":12},"end":{"line":330,"column":13}},"111":{"start":{"line":329,"column":16},"end":{"line":329,"column":44}},"112":{"start":{"line":332,"column":12},"end":{"line":332,"column":116}},"113":{"start":{"line":334,"column":12},"end":{"line":346,"column":13}},"114":{"start":{"line":335,"column":16},"end":{"line":335,"column":51}},"115":{"start":{"line":336,"column":16},"end":{"line":336,"column":59}},"116":{"start":{"line":337,"column":16},"end":{"line":344,"column":19}},"117":{"start":{"line":338,"column":20},"end":{"line":338,"column":50}},"118":{"start":{"line":338,"column":43},"end":{"line":338,"column":50}},"119":{"start":{"line":339,"column":20},"end":{"line":339,"column":50}},"120":{"start":{"line":340,"column":20},"end":{"line":342,"column":21}},"121":{"start":{"line":341,"column":24},"end":{"line":341,"column":61}},"122":{"start":{"line":343,"column":20},"end":{"line":343,"column":168}},"123":{"start":{"line":345,"column":16},"end":{"line":345,"column":28}},"124":{"start":{"line":348,"column":12},"end":{"line":348,"column":41}},"125":{"start":{"line":349,"column":12},"end":{"line":349,"column":63}},"126":{"start":{"line":349,"column":26},"end":{"line":349,"column":63}},"127":{"start":{"line":351,"column":12},"end":{"line":353,"column":13}},"128":{"start":{"line":352,"column":16},"end":{"line":352,"column":49}},"129":{"start":{"line":354,"column":12},"end":{"line":354,"column":58}},"130":{"start":{"line":356,"column":12},"end":{"line":356,"column":24}},"131":{"start":{"line":367,"column":12},"end":{"line":367,"column":43}},"132":{"start":{"line":368,"column":12},"end":{"line":370,"column":13}},"133":{"start":{"line":369,"column":16},"end":{"line":369,"column":42}},"134":{"start":{"line":372,"column":12},"end":{"line":382,"column":14}},"135":{"start":{"line":373,"column":16},"end":{"line":376,"column":17}},"136":{"start":{"line":374,"column":20},"end":{"line":374,"column":87}},"137":{"start":{"line":375,"column":20},"end":{"line":375,"column":27}},"138":{"start":{"line":377,"column":16},"end":{"line":377,"column":46}},"139":{"start":{"line":378,"column":16},"end":{"line":380,"column":17}},"140":{"start":{"line":379,"column":20},"end":{"line":379,"column":63}},"141":{"start":{"line":381,"column":16},"end":{"line":381,"column":107}},"142":{"start":{"line":394,"column":12},"end":{"line":394,"column":43}},"143":{"start":{"line":395,"column":12},"end":{"line":398,"column":13}},"144":{"start":{"line":396,"column":16},"end":{"line":396,"column":57}},"145":{"start":{"line":397,"column":16},"end":{"line":397,"column":23}},"146":{"start":{"line":400,"column":12},"end":{"line":400,"column":39}},"147":{"start":{"line":401,"column":12},"end":{"line":401,"column":35}},"148":{"start":{"line":402,"column":12},"end":{"line":432,"column":14}},"149":{"start":{"line":403,"column":16},"end":{"line":403,"column":34}},"150":{"start":{"line":403,"column":27},"end":{"line":403,"column":34}},"151":{"start":{"line":405,"column":16},"end":{"line":410,"column":17}},"152":{"start":{"line":406,"column":20},"end":{"line":406,"column":87}},"153":{"start":{"line":407,"column":20},"end":{"line":408,"column":44}},"154":{"start":{"line":408,"column":24},"end":{"line":408,"column":44}},"155":{"start":{"line":409,"column":20},"end":{"line":409,"column":27}},"156":{"start":{"line":411,"column":16},"end":{"line":431,"column":19}},"157":{"start":{"line":412,"column":20},"end":{"line":412,"column":38}},"158":{"start":{"line":412,"column":31},"end":{"line":412,"column":38}},"159":{"start":{"line":413,"column":20},"end":{"line":417,"column":21}},"160":{"start":{"line":414,"column":24},"end":{"line":414,"column":30}},"161":{"start":{"line":415,"column":24},"end":{"line":415,"column":82}},"162":{"start":{"line":416,"column":24},"end":{"line":416,"column":31}},"163":{"start":{"line":418,"column":20},"end":{"line":429,"column":23}},"164":{"start":{"line":419,"column":24},"end":{"line":419,"column":42}},"165":{"start":{"line":419,"column":35},"end":{"line":419,"column":42}},"166":{"start":{"line":421,"column":24},"end":{"line":425,"column":25}},"167":{"start":{"line":422,"column":28},"end":{"line":422,"column":34}},"168":{"start":{"line":423,"column":28},"end":{"line":423,"column":67}},"169":{"start":{"line":424,"column":28},"end":{"line":424,"column":35}},"170":{"start":{"line":427,"column":24},"end":{"line":428,"column":48}},"171":{"start":{"line":428,"column":28},"end":{"line":428,"column":48}},"172":{"start":{"line":442,"column":12},"end":{"line":447,"column":13}},"173":{"start":{"line":443,"column":16},"end":{"line":446,"column":17}},"174":{"start":{"line":444,"column":20},"end":{"line":444,"column":46}},"175":{"start":{"line":445,"column":20},"end":{"line":445,"column":40}},"176":{"start":{"line":449,"column":12},"end":{"line":451,"column":13}},"177":{"start":{"line":450,"column":16},"end":{"line":450,"column":43}},"178":{"start":{"line":452,"column":12},"end":{"line":452,"column":40}},"179":{"start":{"line":452,"column":33},"end":{"line":452,"column":40}},"180":{"start":{"line":454,"column":12},"end":{"line":454,"column":50}},"181":{"start":{"line":455,"column":12},"end":{"line":458,"column":13}},"182":{"start":{"line":456,"column":16},"end":{"line":456,"column":74}},"183":{"start":{"line":457,"column":16},"end":{"line":457,"column":96}},"184":{"start":{"line":457,"column":51},"end":{"line":457,"column":96}},"185":{"start":{"line":467,"column":12},"end":{"line":467,"column":29}},"186":{"start":{"line":468,"column":12},"end":{"line":471,"column":13}},"187":{"start":{"line":469,"column":16},"end":{"line":469,"column":75}},"188":{"start":{"line":470,"column":16},"end":{"line":470,"column":28}},"189":{"start":{"line":472,"column":12},"end":{"line":472,"column":42}}},"branchMap":{"1":{"line":4,"type":"binary-expr","locations":[{"start":{"line":4,"column":16},"end":{"line":4,"column":29}},{"start":{"line":4,"column":33},"end":{"line":4,"column":47}}]},"2":{"line":14,"type":"if","locations":[{"start":{"line":14,"column":4},"end":{"line":14,"column":4}},{"start":{"line":14,"column":4},"end":{"line":14,"column":4}}]},"3":{"line":14,"type":"binary-expr","locations":[{"start":{"line":14,"column":8},"end":{"line":14,"column":13}},{"start":{"line":14,"column":17},"end":{"line":14,"column":42}}]},"4":{"line":15,"type":"if","locations":[{"start":{"line":15,"column":8},"end":{"line":15,"column":8}},{"start":{"line":15,"column":8},"end":{"line":15,"column":8}}]},"5":{"line":21,"type":"if","locations":[{"start":{"line":21,"column":11},"end":{"line":21,"column":11}},{"start":{"line":21,"column":11},"end":{"line":21,"column":11}}]},"6":{"line":21,"type":"binary-expr","locations":[{"start":{"line":21,"column":14},"end":{"line":21,"column":19}},{"start":{"line":21,"column":23},"end":{"line":21,"column":45}}]},"7":{"line":28,"type":"if","locations":[{"start":{"line":28,"column":8},"end":{"line":28,"column":8}},{"start":{"line":28,"column":8},"end":{"line":28,"column":8}}]},"8":{"line":28,"type":"binary-expr","locations":[{"start":{"line":28,"column":12},"end":{"line":28,"column":17}},{"start":{"line":28,"column":21},"end":{"line":28,"column":25}}]},"9":{"line":31,"type":"if","locations":[{"start":{"line":31,"column":12},"end":{"line":31,"column":12}},{"start":{"line":31,"column":12},"end":{"line":31,"column":12}}]},"10":{"line":34,"type":"if","locations":[{"start":{"line":34,"column":12},"end":{"line":34,"column":12}},{"start":{"line":34,"column":12},"end":{"line":34,"column":12}}]},"11":{"line":34,"type":"binary-expr","locations":[{"start":{"line":34,"column":16},"end":{"line":34,"column":41}},{"start":{"line":34,"column":45},"end":{"line":34,"column":73}},{"start":{"line":34,"column":77},"end":{"line":34,"column":102}}]},"12":{"line":37,"type":"if","locations":[{"start":{"line":37,"column":12},"end":{"line":37,"column":12}},{"start":{"line":37,"column":12},"end":{"line":37,"column":12}}]},"13":{"line":53,"type":"binary-expr","locations":[{"start":{"line":53,"column":19},"end":{"line":53,"column":23}},{"start":{"line":53,"column":27},"end":{"line":53,"column":41}},{"start":{"line":53,"column":45},"end":{"line":53,"column":49}}]},"14":{"line":65,"type":"if","locations":[{"start":{"line":65,"column":12},"end":{"line":65,"column":12}},{"start":{"line":65,"column":12},"end":{"line":65,"column":12}}]},"15":{"line":81,"type":"if","locations":[{"start":{"line":81,"column":12},"end":{"line":81,"column":12}},{"start":{"line":81,"column":12},"end":{"line":81,"column":12}}]},"16":{"line":83,"type":"if","locations":[{"start":{"line":83,"column":16},"end":{"line":83,"column":16}},{"start":{"line":83,"column":16},"end":{"line":83,"column":16}}]},"17":{"line":83,"type":"binary-expr","locations":[{"start":{"line":83,"column":20},"end":{"line":83,"column":24}},{"start":{"line":83,"column":28},"end":{"line":83,"column":39}}]},"18":{"line":84,"type":"binary-expr","locations":[{"start":{"line":84,"column":41},"end":{"line":84,"column":49}},{"start":{"line":84,"column":53},"end":{"line":84,"column":59}}]},"19":{"line":100,"type":"if","locations":[{"start":{"line":100,"column":12},"end":{"line":100,"column":12}},{"start":{"line":100,"column":12},"end":{"line":100,"column":12}}]},"20":{"line":102,"type":"if","locations":[{"start":{"line":102,"column":20},"end":{"line":102,"column":20}},{"start":{"line":102,"column":20},"end":{"line":102,"column":20}}]},"21":{"line":102,"type":"binary-expr","locations":[{"start":{"line":102,"column":24},"end":{"line":102,"column":28}},{"start":{"line":102,"column":32},"end":{"line":102,"column":43}}]},"22":{"line":103,"type":"binary-expr","locations":[{"start":{"line":103,"column":47},"end":{"line":103,"column":55}},{"start":{"line":103,"column":59},"end":{"line":103,"column":65}}]},"23":{"line":120,"type":"if","locations":[{"start":{"line":120,"column":12},"end":{"line":120,"column":12}},{"start":{"line":120,"column":12},"end":{"line":120,"column":12}}]},"24":{"line":140,"type":"binary-expr","locations":[{"start":{"line":140,"column":19},"end":{"line":140,"column":31}},{"start":{"line":140,"column":35},"end":{"line":140,"column":37}}]},"25":{"line":152,"type":"if","locations":[{"start":{"line":152,"column":12},"end":{"line":152,"column":12}},{"start":{"line":152,"column":12},"end":{"line":152,"column":12}}]},"26":{"line":165,"type":"if","locations":[{"start":{"line":165,"column":12},"end":{"line":165,"column":12}},{"start":{"line":165,"column":12},"end":{"line":165,"column":12}}]},"27":{"line":166,"type":"binary-expr","locations":[{"start":{"line":166,"column":23},"end":{"line":166,"column":35}},{"start":{"line":166,"column":39},"end":{"line":166,"column":41}}]},"28":{"line":179,"type":"if","locations":[{"start":{"line":179,"column":12},"end":{"line":179,"column":12}},{"start":{"line":179,"column":12},"end":{"line":179,"column":12}}]},"29":{"line":190,"type":"if","locations":[{"start":{"line":190,"column":13},"end":{"line":190,"column":13}},{"start":{"line":190,"column":13},"end":{"line":190,"column":13}}]},"30":{"line":191,"type":"if","locations":[{"start":{"line":191,"column":16},"end":{"line":191,"column":16}},{"start":{"line":191,"column":16},"end":{"line":191,"column":16}}]},"31":{"line":193,"type":"if","locations":[{"start":{"line":193,"column":20},"end":{"line":193,"column":20}},{"start":{"line":193,"column":20},"end":{"line":193,"column":20}}]},"32":{"line":201,"type":"if","locations":[{"start":{"line":201,"column":17},"end":{"line":201,"column":17}},{"start":{"line":201,"column":17},"end":{"line":201,"column":17}}]},"33":{"line":220,"type":"if","locations":[{"start":{"line":220,"column":12},"end":{"line":220,"column":12}},{"start":{"line":220,"column":12},"end":{"line":220,"column":12}}]},"34":{"line":222,"type":"if","locations":[{"start":{"line":222,"column":19},"end":{"line":222,"column":19}},{"start":{"line":222,"column":19},"end":{"line":222,"column":19}}]},"35":{"line":230,"type":"if","locations":[{"start":{"line":230,"column":12},"end":{"line":230,"column":12}},{"start":{"line":230,"column":12},"end":{"line":230,"column":12}}]},"36":{"line":232,"type":"if","locations":[{"start":{"line":232,"column":16},"end":{"line":232,"column":16}},{"start":{"line":232,"column":16},"end":{"line":232,"column":16}}]},"37":{"line":240,"type":"if","locations":[{"start":{"line":240,"column":12},"end":{"line":240,"column":12}},{"start":{"line":240,"column":12},"end":{"line":240,"column":12}}]},"38":{"line":243,"type":"if","locations":[{"start":{"line":243,"column":12},"end":{"line":243,"column":12}},{"start":{"line":243,"column":12},"end":{"line":243,"column":12}}]},"39":{"line":248,"type":"if","locations":[{"start":{"line":248,"column":16},"end":{"line":248,"column":16}},{"start":{"line":248,"column":16},"end":{"line":248,"column":16}}]},"40":{"line":251,"type":"if","locations":[{"start":{"line":251,"column":24},"end":{"line":251,"column":24}},{"start":{"line":251,"column":24},"end":{"line":251,"column":24}}]},"41":{"line":252,"type":"if","locations":[{"start":{"line":252,"column":28},"end":{"line":252,"column":28}},{"start":{"line":252,"column":28},"end":{"line":252,"column":28}}]},"42":{"line":278,"type":"binary-expr","locations":[{"start":{"line":278,"column":28},"end":{"line":278,"column":35}},{"start":{"line":278,"column":39},"end":{"line":278,"column":41}}]},"43":{"line":279,"type":"binary-expr","locations":[{"start":{"line":279,"column":25},"end":{"line":279,"column":29}},{"start":{"line":279,"column":33},"end":{"line":279,"column":36}}]},"44":{"line":280,"type":"if","locations":[{"start":{"line":280,"column":12},"end":{"line":280,"column":12}},{"start":{"line":280,"column":12},"end":{"line":280,"column":12}}]},"45":{"line":280,"type":"binary-expr","locations":[{"start":{"line":280,"column":16},"end":{"line":280,"column":33}},{"start":{"line":280,"column":37},"end":{"line":280,"column":51}}]},"46":{"line":293,"type":"if","locations":[{"start":{"line":293,"column":12},"end":{"line":293,"column":12}},{"start":{"line":293,"column":12},"end":{"line":293,"column":12}}]},"47":{"line":324,"type":"binary-expr","locations":[{"start":{"line":324,"column":24},"end":{"line":324,"column":33}},{"start":{"line":324,"column":37},"end":{"line":324,"column":42}}]},"48":{"line":325,"type":"cond-expr","locations":[{"start":{"line":325,"column":74},"end":{"line":325,"column":78}},{"start":{"line":325,"column":81},"end":{"line":325,"column":98}}]},"49":{"line":328,"type":"if","locations":[{"start":{"line":328,"column":12},"end":{"line":328,"column":12}},{"start":{"line":328,"column":12},"end":{"line":328,"column":12}}]},"50":{"line":332,"type":"cond-expr","locations":[{"start":{"line":332,"column":69},"end":{"line":332,"column":83}},{"start":{"line":332,"column":86},"end":{"line":332,"column":114}}]},"51":{"line":334,"type":"if","locations":[{"start":{"line":334,"column":12},"end":{"line":334,"column":12}},{"start":{"line":334,"column":12},"end":{"line":334,"column":12}}]},"52":{"line":338,"type":"if","locations":[{"start":{"line":338,"column":20},"end":{"line":338,"column":20}},{"start":{"line":338,"column":20},"end":{"line":338,"column":20}}]},"53":{"line":340,"type":"if","locations":[{"start":{"line":340,"column":20},"end":{"line":340,"column":20}},{"start":{"line":340,"column":20},"end":{"line":340,"column":20}}]},"54":{"line":343,"type":"cond-expr","locations":[{"start":{"line":343,"column":82},"end":{"line":343,"column":97}},{"start":{"line":343,"column":100},"end":{"line":343,"column":145}}]},"55":{"line":349,"type":"if","locations":[{"start":{"line":349,"column":12},"end":{"line":349,"column":12}},{"start":{"line":349,"column":12},"end":{"line":349,"column":12}}]},"56":{"line":351,"type":"if","locations":[{"start":{"line":351,"column":12},"end":{"line":351,"column":12}},{"start":{"line":351,"column":12},"end":{"line":351,"column":12}}]},"57":{"line":351,"type":"binary-expr","locations":[{"start":{"line":351,"column":16},"end":{"line":351,"column":37}},{"start":{"line":351,"column":41},"end":{"line":351,"column":51}}]},"58":{"line":367,"type":"binary-expr","locations":[{"start":{"line":367,"column":24},"end":{"line":367,"column":33}},{"start":{"line":367,"column":37},"end":{"line":367,"column":42}}]},"59":{"line":368,"type":"if","locations":[{"start":{"line":368,"column":12},"end":{"line":368,"column":12}},{"start":{"line":368,"column":12},"end":{"line":368,"column":12}}]},"60":{"line":373,"type":"if","locations":[{"start":{"line":373,"column":16},"end":{"line":373,"column":16}},{"start":{"line":373,"column":16},"end":{"line":373,"column":16}}]},"61":{"line":378,"type":"if","locations":[{"start":{"line":378,"column":16},"end":{"line":378,"column":16}},{"start":{"line":378,"column":16},"end":{"line":378,"column":16}}]},"62":{"line":394,"type":"binary-expr","locations":[{"start":{"line":394,"column":24},"end":{"line":394,"column":33}},{"start":{"line":394,"column":37},"end":{"line":394,"column":42}}]},"63":
[...]
:254,"column":20},"end":{"line":254,"column":53}},"125":{"start":{"line":254,"column":35},"end":{"line":254,"column":53}},"126":{"start":{"line":255,"column":20},"end":{"line":304,"column":23}},"127":{"start":{"line":256,"column":24},"end":{"line":256,"column":53}},"128":{"start":{"line":256,"column":37},"end":{"line":256,"column":53}},"129":{"start":{"line":258,"column":24},"end":{"line":258,"column":53}},"130":{"start":{"line":260,"column":24},"end":{"line":260,"column":75}},"131":{"start":{"line":261,"column":24},"end":{"line":261,"column":58}},"132":{"start":{"line":262,"column":24},"end":{"line":262,"column":103}},"133":{"start":{"line":264,"column":24},"end":{"line":264,"column":45}},"134":{"start":{"line":266,"column":24},"end":{"line":266,"column":51}},"135":{"start":{"line":267,"column":24},"end":{"line":267,"column":51}},"136":{"start":{"line":268,"column":24},"end":{"line":268,"column":55}},"137":{"start":{"line":270,"column":24},"end":{"line":270,"column":61}},"138":{"start":{"line":271,"column":24},"end":{"line":271,"column":55}},"139":{"start":{"line":272,"column":24},"end":{"line":272,"column":62}},"140":{"start":{"line":273,"column":24},"end":{"line":273,"column":71}},"141":{"start":{"line":275,"column":24},"end":{"line":303,"column":25}},"142":{"start":{"line":276,"column":28},"end":{"line":276,"column":44}},"143":{"start":{"line":280,"column":28},"end":{"line":280,"column":67}},"144":{"start":{"line":282,"column":28},"end":{"line":282,"column":55}},"145":{"start":{"line":284,"column":28},"end":{"line":284,"column":39}},"146":{"start":{"line":285,"column":28},"end":{"line":285,"column":66}},"147":{"start":{"line":286,"column":28},"end":{"line":289,"column":31}},"148":{"start":{"line":287,"column":32},"end":{"line":287,"column":64}},"149":{"start":{"line":288,"column":32},"end":{"line":288,"column":57}},"150":{"start":{"line":290,"column":28},"end":{"line":293,"column":31}},"151":{"start":{"line":291,"column":32},"end":{"line":291,"column":64}},"152":{"start":{"line":292,"column":32},"end":{"line":292,"column":57}},"153":{"start":{"line":295,"column":28},"end":{"line":295,"column":59}},"154":{"start":{"line":296,"column":28},"end":{"line":298,"column":29}},"155":{"start":{"line":297,"column":32},"end":{"line":297,"column":74}},"156":{"start":{"line":300,"column":28},"end":{"line":300,"column":55}},"157":{"start":{"line":302,"column":28},"end":{"line":302,"column":49}},"158":{"start":{"line":308,"column":12},"end":{"line":308,"column":32}}},"branchMap":{"1":{"line":14,"type":"if","locations":[{"start":{"line":14,"column":4},"end":{"line":14,"column":4}},{"start":{"line":14,"column":4},"end":{"line":14,"column":4}}]},"2":{"line":19,"type":"if","locations":[{"start":{"line":19,"column":11},"end":{"line":19,"column":11}},{"start":{"line":19,"column":11},"end":{"line":19,"column":11}}]},"3":{"line":39,"type":"if","locations":[{"start":{"line":39,"column":12},"end":{"line":39,"column":12}},{"start":{"line":39,"column":12},"end":{"line":39,"column":12}}]},"4":{"line":43,"type":"if","locations":[{"start":{"line":43,"column":12},"end":{"line":43,"column":12}},{"start":{"line":43,"column":12},"end":{"line":43,"column":12}}]},"5":{"line":59,"type":"if","locations":[{"start":{"line":59,"column":12},"end":{"line":59,"column":12}},{"start":{"line":59,"column":12},"end":{"line":59,"column":12}}]},"6":{"line":60,"type":"if","locations":[{"start":{"line":60,"column":12},"end":{"line":60,"column":12}},{"start":{"line":60,"column":12},"end":{"line":60,"column":12}}]},"7":{"line":65,"type":"if","locations":[{"start":{"line":65,"column":8},"end":{"line":65,"column":8}},{"start":{"line":65,"column":8},"end":{"line":65,"column":8}}]},"8":{"line":69,"type":"if","locations":[{"start":{"line":69,"column":8},"end":{"line":69,"column":8}},{"start":{"line":69,"column":8},"end":{"line":69,"column":8}}]},"9":{"line":101,"type":"binary-expr","locations":[{"start":{"line":101,"column":19},"end":{"line":101,"column":40}},{"start":{"line":101,"column":44},"end":{"line":101,"column":48}}]},"10":{"line":123,"type":"if","locations":[{"start":{"line":123,"column":12},"end":{"line":123,"column":12}},{"start":{"line":123,"column":12},"end":{"line":123,"column":12}}]},"11":{"line":123,"type":"binary-expr","locations":[{"start":{"line":123,"column":16},"end":{"line":123,"column":21}},{"start":{"line":123,"column":25},"end":{"line":123,"column":42}}]},"12":{"line":126,"type":"if","locations":[{"start":{"line":126,"column":20},"end":{"line":126,"column":20}},{"start":{"line":126,"column":20},"end":{"line":126,"column":20}}]},"13":{"line":143,"type":"if","locations":[{"start":{"line":143,"column":12},"end":{"line":143,"column":12}},{"start":{"line":143,"column":12},"end":{"line":143,"column":12}}]},"14":{"line":149,"type":"if","locations":[{"start":{"line":149,"column":20},"end":{"line":149,"column":20}},{"start":{"line":149,"column":20},"end":{"line":149,"column":20}}]},"15":{"line":164,"type":"if","locations":[{"start":{"line":164,"column":12},"end":{"line":164,"column":12}},{"start":{"line":164,"column":12},"end":{"line":164,"column":12}}]},"16":{"line":168,"type":"if","locations":[{"start":{"line":168,"column":20},"end":{"line":168,"column":20}},{"start":{"line":168,"column":20},"end":{"line":168,"column":20}}]},"17":{"line":169,"type":"if","locations":[{"start":{"line":169,"column":20},"end":{"line":169,"column":20}},{"start":{"line":169,"column":20},"end":{"line":169,"column":20}}]},"18":{"line":220,"type":"if","locations":[{"start":{"line":220,"column":12},"end":{"line":220,"column":12}},{"start":{"line":220,"column":12},"end":{"line":220,"column":12}}]},"19":{"line":230,"type":"if","locations":[{"start":{"line":230,"column":12},"end":{"line":230,"column":12}},{"start":{"line":230,"column":12},"end":{"line":230,"column":12}}]},"20":{"line":234,"type":"if","locations":[{"start":{"line":234,"column":20},"end":{"line":234,"column":20}},{"start":{"line":234,"column":20},"end":{"line":234,"column":20}}]},"21":{"line":235,"type":"if","locations":[{"start":{"line":235,"column":20},"end":{"line":235,"column":20}},{"start":{"line":235,"column":20},"end":{"line":235,"column":20}}]},"22":{"line":251,"type":"if","locations":[{"start":{"line":251,"column":16},"end":{"line":251,"column":16}},{"start":{"line":251,"column":16},"end":{"line":251,"column":16}}]},"23":{"line":254,"type":"if","locations":[{"start":{"line":254,"column":20},"end":{"line":254,"column":20}},{"start":{"line":254,"column":20},"end":{"line":254,"column":20}}]},"24":{"line":256,"type":"if","locations":[{"start":{"line":256,"column":24},"end":{"line":256,"column":24}},{"start":{"line":256,"column":24},"end":{"line":256,"column":24}}]},"25":{"line":275,"type":"if","locations":[{"start":{"line":275,"column":24},"end":{"line":275,"column":24}},{"start":{"line":275,"column":24},"end":{"line":275,"column":24}}]},"26":{"line":296,"type":"if","locations":[{"start":{"line":296,"column":28},"end":{"line":296,"column":28}},{"start":{"line":296,"column":28},"end":{"line":296,"column":28}}]}},"code":["var ZipEntry = require(\"./zipEntry\"),","    Headers = require(\"./headers\"),","    Utils = require(\"./util\");","","module.exports = function(/*String|Buffer*/input, /*Number*/inputType) {","    var entryList = [],","        entryTable = {},","        _comment = new Buffer(0),","        filename = \"\",","        fs = require(\"fs\"),","        inBuffer = null,","        mainHeader = new Headers.MainHeader();","","    if (inputType == Utils.Constants.FILE) {","        // is a filename","        filename = input;","        inBuffer = fs.readFileSync(filename);","        readMainHeader();","    } else if (inputType == Utils.Constants.BUFFER) {","        // is a memory buffer","        inBuffer = input;","        readMainHeader();","    } else {","        // none. is a new file","    }","","    function readEntries() {","        entryTable = {};","        entryList = new Array(mainHeader.diskEntries);  // total number of entries","        var index = mainHeader.offset;  // offset of first CEN header","        for(var i = 0; i < entryList.length; i++) {","","            var tmp = index,","                entry = new ZipEntry(inBuffer);","            entry.header = inBuffer.slice(tmp, tmp += Utils.Constants.CENHDR);","","            entry.entryName = inBuffer.slice(tmp, tmp += entry.header.fileNameLength);","","            if (entry.header.extraLength) {","                entry.extra = inBuffer.slice(tmp, tmp += entry.header.extraLength);","            }","","            if (entry.header.commentLength)","                entry.comment = inBuffer.slice(tmp, tmp + entry.header.commentLength);","","            index += entry.header.entryHeaderSize;","","            entryList[i] = entry;","            entryTable[entry.entryName] = entry;","        }","    }","","    function readMainHeader() {","        var i = inBuffer.length - Utils.Constants.ENDHDR, // END header size","            n = Math.max(0, i - 0xFFFF), // 0xFFFF is the max zip file comment length","            endOffset = -1; // Start offset of the END header","","        for (i; i >= n; i--) {","            if (inBuffer[i] != 0x50) continue; // quick check that the byte is 'P'","            if (inBuffer.readUInt32LE(i) == Utils.Constants.ENDSIG) { // \"PK\\005\\006\"","                endOffset = i;","                break;","            }","        }","        if (!~endOffset)","            throw Utils.Errors.INVALID_FORMAT;","","        mainHeader.loadFromBinary(inBuffer.slice(endOffset, endOffset + Utils.Constants.ENDHDR));","        if (mainHeader.commentLength) {","            _comment = inBuffer.slice(endOffset + Utils.Constants.ENDHDR);","        }","        readEntries();","    }","","    return {","        /**","         * Returns an array of ZipEntry objects existent in the current opened archive","         * @return Array","         */","        get entries () {","            return entryList;","        },","","        /**","         * Archive comment","         * @return {String}","         */","        get comment () { return _comment.toString(); },","        set comment(val) {","            mainHeader.commentLength = val.length;","            _comment = val;","        },","","        /**","         * Returns a reference to the entry with the given name or null if entry is inexistent","         *","         * @param entryName","         * @return ZipEntry","         */","        getEntry : function(/*String*/entryName) {","            return entryTable[entryName] || null;","        },","","        /**","         * Adds the given entry to the entry list","         *","         * @param entry","         */","        setEntry : function(/*ZipEntry*/entry) {","            entryList.push(entry);","            entryTable[entry.entryName] = entry;","            mainHeader.totalEntries = entryList.length;","        },","","        /**","         * Removes the entry with the given name from the entry list.","         *","         * If the entry is a directory, then all nested files and directories will be removed","         * @param entryName","         */","        deleteEntry : function(/*String*/entryName) {","            var entry = entryTable[entryName];","            if (entry && entry.isDirectory) {","                var _self = this;","                this.getEntryChildren(entry).forEach(function(child) {","                    if (child.entryName != entryName) {","                        _self.deleteEntry(child.entryName)","                    }","                })","            }","            entryList.splice(entryList.indexOf(entry), 1);","            delete(entryTable[entryName]);","            mainHeader.totalEntries = entryList.length;","        },","","        /**","         *  Iterates and returns all nested files and directories of the given entry","         *","         * @param entry","         * @return Array","         */","        getEntryChildren : function(/*ZipEntry*/entry) {","            if (entry.isDirectory) {","                var list = [],","                    name = entry.entryName,","                    len = name.length;","","                entryList.forEach(function(zipEntry) {","                    if (zipEntry.entryName.substr(0, len) == name) {","                        list.push(zipEntry);","                    }","                });","                return list;","            }","            return []","        },","","        /**","         * Returns the zip file","         *","         * @return Buffer","         */","        compressToBuffer : function() {","            if (entryList.length > 1) {","                entryList.sort(function(a, b) {","                    var nameA = a.entryName.toLowerCase();","                    var nameB = b.entryName.toLowerCase();","                    if (nameA < nameB) {return -1}","                    if (nameA > nameB) {return 1}","                    return 0;","                });","            }","","            var totalSize = 0,","                dataBlock = [],","                entryHeaders = [],","                dindex = 0;","","            mainHeader.size = 0;","            mainHeader.offset = 0;","","            entryList.forEach(function(entry) {","                entry.header.offset = dindex;","","                // compress data and set local and entry header accordingly. Reason why is called first","                var compressedData = entry.getCompressedData();","                // data header","                var dataHeader = entry.header.dataHeaderToBinary();","                var postHeader = new Buffer(entry.entryName + entry.extra.toString());","                var dataLength = dataHeader.length + postHeader.length + compressedData.length;","","                dindex += dataLength;","","                dataBlock.push(dataHeader);","                dataBlock.push(postHeader);","                dataBlock.push(compressedData);","","                var entryHeader = entry.packHeader();","                entryHeaders.push(entryHeader);","                mainHeader.size += entryHeader.length;","                totalSize += (dataLength + entryHeader.length);","            });","","            totalSize += mainHeader.mainHeaderSize; // also includes zip file comment length","            // point to end of data and begining of central directory first record","            mainHeader.offset = dindex;","","            dindex = 0;","            var outBuffer = new Buffer(totalSize);","            dataBlock.forEach(function(content) {","                content.copy(outBuffer, dindex); // write data blocks","                dindex += content.length;","            });","            entryHeaders.forEach(function(content) {","                content.copy(outBuffer, dindex); // write central directory entries","                dindex += content.length;","            });","","            var mh = mainHeader.toBinary();","            if (_comment) {","                _comment.copy(mh, Utils.Constants.ENDHDR); // add zip file comment","            }","","            mh.copy(outBuffer, dindex); // write main header","","            return outBuffer","        },","","        toAsyncBuffer : function(/*Function*/onSuccess,/*Function*/onFail,/*Function*/onItemStart,/*Function*/onItemEnd) {","            if (entryList.length > 1) {","                entryList.sort(function(a, b) {","                    var nameA = a.entryName.toLowerCase();","                    var nameB = b.entryName.toLowerCase();","                    if (nameA > nameB) {return -1}","                    if (nameA < nameB) {return 1}","                    return 0;","                });","            }","","            var totalSize = 0,","                dataBlock = [],","                entryHeaders = [],","                dindex = 0;","","            mainHeader.size = 0;","            mainHeader.offset = 0;","","            var compress=function(entryList){","                var self=arguments.callee;","                var entry;","                if(entryList.length){","                    var entry=entryList.pop();","                    var name=entry.entryName + entry.extra.toString();","                    if(onItemStart)onItemStart(name);","                    entry.getCompressedDataAsync(function(compressedData){","                        if(onItemEnd)onItemEnd(name);","","                        entry.header.offset = dindex;","                        // data header","                        var dataHeader = entry.header.dataHeaderToBinary();","                        var postHeader = new Buffer(name);","                        var dataLength = dataHeader.length + postHeader.length + compressedData.length;","","                        dindex += dataLength;","","                        dataBlock.push(dataHeader);","                        dataBlock.push(postHeader);","                        dataBlock.push(compressedData);","","                        var entryHeader = entry.packHeader();","                        entryHeaders.push(entryHeader);","                        mainHeader.size += entryHeader.length;","                        totalSize += (dataLength + entryHeader.length);","","                        if(entryList.length){","                            self(entryList);","                        }else{","","","                            totalSize += mainHeader.mainHeaderSize; // also includes zip file comment length","                            // point to end of data and begining of central directory first record","                            mainHeader.offset = dindex;","","                            dindex = 0;","                            var outBuffer = new Buffer(totalSize);","                            dataBlock.forEach(function(content) {","                                content.copy(outBuffer, dindex); // write data blocks","                                dindex += content.length;","                            });","                            entryHeaders.forEach(function(content) {","                                content.copy(outBuffer, dindex); // write central directory entries","                                dindex += content.length;","                            });","","                            var mh = mainHeader.toBinary();","                            if (_comment) {","                                _comment.copy(mh, Utils.Constants.ENDHDR); // add zip file comment","                            }","","                            mh.copy(outBuffer, dindex); // write main header","","                            onSuccess(outBuffer);","                        }","                    });","                }","            };","","            compress(entryList);","        }","    }","};",""],"l":{"1":1,"5":1,"6":0,"14":0,"16":0,"17":0,"18":0,"19":0,"21":0,"22":0,"27":1,"28":0,"29":0,"30":0,"31":0,"33":0,"35":0,"37":0,"39":0,"40":0,"43":0,"44":0,"46":0,"48":0,"49":0,"53":1,"54":0,"58":0,"59":0,"60":0,"61":0,"62":0,"65":0,"66":0,"68":0,"69":0,"70":0,"72":0,"75":0,"81":0,"88":0,"90":0,"91":0,"101":0,"110":0,"111":0,"112":0,"122":0,"123":0,"124":0,"125":0,"126":0,"127":0,"131":0,"132":0,"133":0,"143":0,"144":0,"148":0,"149":0,"150":0,"153":0,"155":0,"164":0,"165":0,"166":0,"167":0,"168":0,"169":0,"170":0,"174":0,"179":0,"180":0,"182":0,"183":0,"186":0,"188":0,"189":0,"190":0,"192":0,"194":0,"195":0,"196":0,"198":0,"199":0,"200":0,"201":0,"204":0,"206":0,"208":0,"209":0,"210":0,"211":0,"212":0,"214":0,"215":0,"216":0,"219":0,"220":0,"221":0,"224":0,"226":0,"230":0,"231":0,"232":0,"233":0,"234":0,"235":0,"236":0,"240":0,"245":0,"246":0,"248":0,"249":0,"250":0,"251":0,"252":0,"253":0,"254":0,"255":0,"256":0,"258":0,"260":0,"261":0,"262":0,"264":0,"266":0,"267":0,"268":0,"270":0,"271":0,"272":0,"273":0,"275":0,"276":0,"280":0,"282":0,"284":0,"285":0,"286":0,"287":0,"288":0,"290":0,"291":0,"292":0,"295":0,"296":0,"297":0,"300":0,"302":0,"308":0}}}